[+] Containers:
 |- [+] Container: /Game/ThirdPerson/Maps/ThirdPersonMap
 |   |- [+] ActorDescs:
 |   |   |- Guid:061A6AF74653C10A3B3C309FCF19F209 BaseClass: NativeClass:/Script/Engine.StaticMeshActor Name:StaticMeshActor_UAID_A8A15972FD61BB2302_1521735379 Label:SM_Cube19 SpatiallyLoaded:1 Bounds:IsValid=true, Min=(X=1390.000 Y=-2110.000 Z=0.000), Max=(X=1590.000 Y=-2010.000 Z=200.000) RuntimeGrid:None EditorOnly:0 RuntimeOnly:0 HLODRelevant:1 ListedInSceneOutliner:1 IsMainWorldOnly:0 FolderPath:Block01 FolderGuid:7D23E5AE4C2A421F86AF6986D87E6D05
 |   |   |- Guid:08F9DC56444CFFF3F13B379E81EF05BC BaseClass: NativeClass:/Script/Engine.StaticMeshActor Name:StaticMeshActor_16 Label:SM_Cube11 SpatiallyLoaded:1 Bounds:IsValid=true, Min=(X=400.000 Y=2600.000 Z=0.000), Max=(X=700.000 Y=2900.000 Z=200.000) RuntimeGrid:None EditorOnly:0 RuntimeOnly:0 HLODRelevant:1 ListedInSceneOutliner:1 IsMainWorldOnly:0 FolderPath:Block03 FolderGuid:7B7009C345D3D6DD94D3429E1D79C034
 |   |   |- Guid:0A733B864C327F0B589EC8BBDD0265BC BaseClass: NativeClass:/Script/Engine.StaticMeshActor Name:StaticMeshActor_13 Label:SM_Cube9 SpatiallyLoaded:1 Bounds:IsValid=true, Min=(X=1800.000 Y=1500.000 Z=0.000), Max=(X=2000.000 Y=2200.000 Z=100.000) RuntimeGrid:None EditorOnly:0 RuntimeOnly:0 HLODRelevant:1 ListedInSceneOutliner:1 IsMainWorldOnly:0 FolderPath:Block01 FolderGuid:7D23E5AE4C2A421F86AF6986D87E6D05
 |   |   |- Guid:1A789DC8415097E9856E5DB60740F01D BaseClass: NativeClass:/Script/Engine.StaticMeshActor Name:StaticMeshActor_34 Label:SM_QuarterCylinder13 SpatiallyLoaded:1 Bounds:IsValid=true, Min=(X=2000.000 Y=500.000 Z=0.000), Max=(X=2200.000 Y=700.000 Z=100.000) RuntimeGrid:None EditorOnly:0 RuntimeOnly:0 HLODRelevant:1 ListedInSceneOutliner:1 IsMainWorldOnly:0 FolderPath:Cylinder FolderGuid:D075E5BA49330D3EC2503D81A7CF88D1
 |   |   |- Guid:1B9598344A1F20E1A5125DA8A7E9FC0F BaseClass: NativeClass:/Script/Engine.StaticMeshActor Name:StaticMeshActor_22 Label:SM_QuarterCylinder4 SpatiallyLoaded:1 Bounds:IsValid=true, Min=(X=300.000 Y=2600.000 Z=0.000), Max=(X=400.000 Y=2700.000 Z=200.000) RuntimeGrid:None EditorOnly:0 RuntimeOnly:0 HLODRelevant:1 ListedInSceneOutliner:1 IsMainWorldOnly:0 FolderPath:Block03 FolderGuid:7B7009C345D3D6DD94D3429E1D79C034
 |   |   |- Guid:26B8C3BE41021A3F42B61FA534F9181E BaseClass: NativeClass:/Script/Engine.StaticMeshActor Name:StaticMeshActor_20 Label:SM_Cube12 SpatiallyLoaded:1 Bounds:IsValid=true, Min=(X=2500.000 Y=2700.000 Z=0.000), Max=(X=2600.000 Y=2800.000 Z=200.000) RuntimeGrid:None EditorOnly:0 RuntimeOnly:0 HLODRelevant:1 ListedInSceneOutliner:1 IsMainWorldOnly:0 FolderPath:Block02 FolderGuid:EBA23F8248252949750E43911A3A1CDD
 |   |   |- Guid:2813F9554D3608B7CD4986BA790F7115 BaseClass: NativeClass:/Script/Engine.StaticMeshActor Name:StaticMeshActor_UAID_A8A15972FD61BB2302_1419445370 Label:SM_Cube14 SpatiallyLoaded:1 Bounds:IsValid=true, Min=(X=0.000 Y=-3500.000 Z=-50.000), Max=(X=3000.000 Y=0.000 Z=0.000) RuntimeGrid:None EditorOnly:0 RuntimeOnly:0 HLODRelevant:1 ListedInSceneOutliner:1 IsMainWorldOnly:0 FolderPath:Playground FolderGuid:C73F09FC4215536B1DCE2A9E0A830C70
 |   |   |- Guid:2FB58999456391D349DC0F86DAC136ED BaseClass: NativeClass:/Script/Engine.SkyLight Name:SkyLight_1 Label:SkyLight SpatiallyLoaded:0 Bounds:IsValid=true, Min=(X=0.000 Y=0.000 Z=690.000), Max=(X=0.000 Y=0.000 Z=690.000) RuntimeGrid:None EditorOnly:0 RuntimeOnly:0 HLODRelevant:0 ListedInSceneOutliner:1 IsMainWorldOnly:0 FolderPath:Lighting FolderGuid:963EC3EB4002CCE9759E2EBA541A873A
 |   |   |- Guid:316CF2A6494ACA4C0E4180A87D36AB8F BaseClass: NativeClass:/Script/Engine.ExponentialHeightFog Name:ExponentialHeightFog_0 Label:ExponentialHeightFog SpatiallyLoaded:0 Bounds:IsValid=true, Min=(X=-5600.000 Y=-50.000 Z=-6850.000), Max=(X=-5600.000 Y=-50.000 Z=-6850.000) RuntimeGrid:None EditorOnly:0 RuntimeOnly:0 HLODRelevant:0 ListedInSceneOutliner:1 IsMainWorldOnly:0 FolderPath:Lighting FolderGuid:963EC3EB4002CCE9759E2EBA541A873A
 |   |   |- Guid:3A00AA1C422CE54C0BDB60BAF471BFBB BaseClass: NativeClass:/Script/Engine.PlayerStart Name:PlayerStart_0 Label:PlayerStart SpatiallyLoaded:0 Bounds:IsValid=true, Min=(X=860.000 Y=1070.000 Z=0.013), Max=(X=940.000 Y=1150.000 Z=184.013) RuntimeGrid:None EditorOnly:0 RuntimeOnly:0 HLODRelevant:0 ListedInSceneOutliner:1 IsMainWorldOnly:0
 |   |   |- Guid:43815E84492231AFC407F59E3C28176B BaseClass: NativeClass:/Script/Engine.StaticMeshActor Name:StaticMeshActor_4 Label:SM_Cube6 SpatiallyLoaded:1 Bounds:IsValid=true, Min=(X=2900.000 Y=100.000 Z=0.000), Max=(X=3000.000 Y=3400.000 Z=400.000) RuntimeGrid:None EditorOnly:0 RuntimeOnly:0 HLODRelevant:1 ListedInSceneOutliner:1 IsMainWorldOnly:0 FolderPath:Playground FolderGuid:C73F09FC4215536B1DCE2A9E0A830C70
 |   |   |- Guid:462C4B8845ADA99BDE077282CB243959 BaseClass: NativeClass:/Script/Engine.StaticMeshActor Name:StaticMeshActor_UAID_A8A15972FD61BB2302_1521733376 Label:SM_Cube17 SpatiallyLoaded:1 Bounds:IsValid=true, Min=(X=1290.000 Y=-2610.000 Z=0.000), Max=(X=1890.000 Y=-2110.000 Z=200.000) RuntimeGrid:None EditorOnly:0 RuntimeOnly:0 HLODRelevant:1 ListedInSceneOutliner:1 IsMainWorldOnly:0 FolderPath:Block01 FolderGuid:7D23E5AE4C2A421F86AF6986D87E6D05
 |   |   |- Guid:4D3BE93F4146AAAC8BBE79999D96D57F BaseClass: NativeClass:/Script/Engine.VolumetricCloud Name:VolumetricCloud_0 Label:VolumetricCloud SpatiallyLoaded:0 Bounds:IsValid=true, Min=(X=0.000 Y=0.000 Z=820.000), Max=(X=0.000 Y=0.000 Z=820.000) RuntimeGrid:None EditorOnly:0 RuntimeOnly:0 HLODRelevant:0 ListedInSceneOutliner:1 IsMainWorldOnly:0 FolderPath:Lighting FolderGuid:963EC3EB4002CCE9759E2EBA541A873A
 |   |   |- Guid:4DAD2F5645721B9EAB20FEA97C876270 BaseClass: NativeClass:/Script/Engine.StaticMeshActor Name:StaticMeshActor_UAID_A8A15972FD61BB2302_1521731374 Label:SM_QuarterCylinder7 SpatiallyLoaded:1 Bounds:IsValid=true, Min=(X=1290.000 Y=-2110.000 Z=0.000), Max=(X=1390.000 Y=-2010.000 Z=200.000) RuntimeGrid:None EditorOnly:0 RuntimeOnly:0 HLODRelevant:1 ListedInSceneOutliner:1 IsMainWorldOnly:0 FolderPath:Block01 FolderGuid:7D23E5AE4C2A421F86AF6986D87E6D05
 |   |   |- Guid:59CE89D047C75FBE41189BA8ABD2CA2A BaseClass: NativeClass:/Script/Engine.StaticMeshActor Name:StaticMeshActor_18 Label:SM_QuarterCylinder SpatiallyLoaded:1 Bounds:IsValid=true, Min=(X=2500.000 Y=2800.000 Z=0.000), Max=(X=2600.000 Y=2900.000 Z=200.000) RuntimeGrid:None EditorOnly:0 RuntimeOnly:0 HLODRelevant:1 ListedInSceneOutliner:1 IsMainWorldOnly:0 FolderPath:Block02 FolderGuid:EBA23F8248252949750E43911A3A1CDD
 |   |   |- Guid:5B97F4A64FB21F77EFC44386BF705B4C BaseClass: NativeClass:/Script/Engine.TextRenderActor Name:TextRenderActor_1 Label:TextRenderActor SpatiallyLoaded:1 Bounds:IsValid=true, Min=(X=-0.100 Y=1100.000 Z=65.013), Max=(X=-0.100 Y=2392.308 Z=215.013) RuntimeGrid:None EditorOnly:0 RuntimeOnly:0 HLODRelevant:0 ListedInSceneOutliner:1 IsMainWorldOnly:0
 |   |   |- Guid:5E4DB4154690C8B4EB14EAA9E92FAAFF BaseClass: NativeClass:/Script/Engine.StaticMeshActor Name:StaticMeshActor_33 Label:SM_QuarterCylinder12 SpatiallyLoaded:1 Bounds:IsValid=true, Min=(X=2000.000 Y=700.000 Z=0.000), Max=(X=2200.000 Y=900.000 Z=100.000) RuntimeGrid:None EditorOnly:0 RuntimeOnly:0 HLODRelevant:1 ListedInSceneOutliner:1 IsMainWorldOnly:0 FolderPath:Cylinder FolderGuid:D075E5BA49330D3EC2503D81A7CF88D1
 |   |   |- Guid:62411D0C42C34796BE94A6A3D726F1B8 BaseClass: NativeClass:/Script/Engine.StaticMeshActor Name:StaticMeshActor_UAID_A8A15972FD61BB2302_1451425371 Label:SM_Cube15 SpatiallyLoaded:1 Bounds:IsValid=true, Min=(X=-0.000 Y=-3400.000 Z=0.000), Max=(X=100.000 Y=100.000 Z=400.000) RuntimeGrid:None EditorOnly:0 RuntimeOnly:0 HLODRelevant:1 ListedInSceneOutliner:1 IsMainWorldOnly:0 FolderPath:Playground FolderGuid:C73F09FC4215536B1DCE2A9E0A830C70
 |   |   |- Guid:68088DF1425B9FABE380659C5FC30974 BaseClass: NativeClass:/Script/Engine.StaticMeshActor Name:StaticMeshActor_UAID_A8A15972FD61BB2302_1521733377 Label:SM_Cube18 SpatiallyLoaded:1 Bounds:IsValid=true, Min=(X=1890.000 Y=-2810.000 Z=0.000), Max=(X=2090.000 Y=-2110.000 Z=100.000) RuntimeGrid:None EditorOnly:0 RuntimeOnly:0 HLODRelevant:1 ListedInSceneOutliner:1 IsMainWorldOnly:0 FolderPath:Block01 FolderGuid:7D23E5AE4C2A421F86AF6986D87E6D05
 |   |   |- Guid:6B7088014ED24B0193D4E1965830E909 BaseClass: NativeClass:/Script/Engine.StaticMeshActor Name:StaticMeshActor_UAID_A8A15972FD61BB2302_1521732375 Label:SM_Ramp5 SpatiallyLoaded:1 Bounds:IsValid=true, Min=(X=1490.000 Y=-2810.000 Z=0.000), Max=(X=1890.000 Y=-2610.000 Z=100.000) RuntimeGrid:None EditorOnly:0 RuntimeOnly:0 HLODRelevant:1 ListedInSceneOutliner:1 IsMainWorldOnly:0 FolderPath:Block01 FolderGuid:7D23E5AE4C2A421F86AF6986D87E6D05
 |   |   |- Guid:6BAF4DDD444C60371492D3919DB42C97 BaseClass: NativeClass:/Script/Engine.WorldDataLayers Name:WorldDataLayers Label:WorldDataLayers SpatiallyLoaded:0 Bounds:IsValid=true, Min=(X=0.000 Y=0.000 Z=0.000), Max=(X=0.000 Y=0.000 Z=0.000) RuntimeGrid:None EditorOnly:0 RuntimeOnly:0 HLODRelevant:0 ListedInSceneOutliner:1 IsMainWorldOnly:1
 |   |   |- Guid:7587444F4FB13B9B9CD114BBE7885340 BaseClass: NativeClass:/Script/Engine.StaticMeshActor Name:StaticMeshActor_19 Label:SM_QuarterCylinder2 SpatiallyLoaded:1 Bounds:IsValid=true, Min=(X=2500.000 Y=2600.000 Z=0.000), Max=(X=2600.000 Y=2700.000 Z=200.000) RuntimeGrid:None EditorOnly:0 RuntimeOnly:0 HLODRelevant:1 ListedInSceneOutliner:1 IsMainWorldOnly:0 FolderPath:Block02 FolderGuid:EBA23F8248252949750E43911A3A1CDD
 |   |   |- Guid:764265F1468E147D60E7CA816F19B7D3 BaseClass: NativeClass:/Script/Engine.StaticMeshActor Name:StaticMeshActor_UAID_A8A15972FD61BB2302_1673773380 Label:SM_Cube20 SpatiallyLoaded:1 Bounds:IsValid=true, Min=(X=1890.000 Y=-2210.000 Z=100.000), Max=(X=2090.000 Y=-2110.000 Z=200.000) RuntimeGrid:None EditorOnly:0 RuntimeOnly:0 HLODRelevant:1 ListedInSceneOutliner:1 IsMainWorldOnly:0 FolderPath:Block01 FolderGuid:7D23E5AE4C2A421F86AF6986D87E6D05
 |   |   |- Guid:79C9B0C246824948C2428ABA13657451 BaseClass: NativeClass:/Script/Engine.StaticMeshActor Name:StaticMeshActor_25 Label:SM_QuarterCylinder6 SpatiallyLoaded:1 Bounds:IsValid=true, Min=(X=1200.000 Y=2200.000 Z=0.000), Max=(X=1300.000 Y=2300.000 Z=200.000) RuntimeGrid:None EditorOnly:0 RuntimeOnly:0 HLODRelevant:1 ListedInSceneOutliner:1 IsMainWorldOnly:0 FolderPath:Block01 FolderGuid:7D23E5AE4C2A421F86AF6986D87E6D05
 |   |   |- Guid:7C172A0740B33B6D38EEF38A63E0B945 BaseClass: NativeClass:/Script/Engine.StaticMeshActor Name:StaticMeshActor_3 Label:SM_Ramp SpatiallyLoaded:1 Bounds:IsValid=true, Min=(X=1300.000 Y=600.000 Z=0.000), Max=(X=1700.000 Y=800.000 Z=30.000) RuntimeGrid:None EditorOnly:0 RuntimeOnly:0 HLODRelevant:1 ListedInSceneOutliner:1 IsMainWorldOnly:0
 |   |   |- Guid:81019033422012E1E06D2EB992D51299 BaseClass:/Game/ThirdPerson/Blueprints/BP_MovingPlat.BP_MovingPlat_C NativeClass:/Script/Engine.Actor Name:BP_MovingPlat_C_UAID_A8A15972FD61BC2302_1570322562 Label:BP_MovingPlat2 SpatiallyLoaded:1 Bounds:IsValid=true, Min=(X=385.000 Y=1105.000 Z=155.000), Max=(X=635.000 Y=1355.000 Z=165.000) RuntimeGrid:None EditorOnly:0 RuntimeOnly:0 HLODRelevant:0 ListedInSceneOutliner:1 IsMainWorldOnly:0
 |   |   |- Guid:88952A734D20E2DD494EE7BA88DF6079 BaseClass: NativeClass:/Script/Engine.StaticMeshActor Name:StaticMeshActor_UAID_A8A15972FD61BB2302_1521734378 Label:SM_QuarterCylinder8 SpatiallyLoaded:1 Bounds:IsValid=true, Min=(X=1590.000 Y=-2110.000 Z=0.000), Max=(X=1690.000 Y=-2010.000 Z=200.000) RuntimeGrid:None EditorOnly:0 RuntimeOnly:0 HLODRelevant:1 ListedInSceneOutliner:1 IsMainWorldOnly:0 FolderPath:Block01 FolderGuid:7D23E5AE4C2A421F86AF6986D87E6D05
 |   |   |- Guid:92317320456763A99195CA86A9793EA1 BaseClass:/Game/ThirdPerson/Blueprints/BP_Collectable.BP_Collectable_C NativeClass:/Script/Engine.Actor Name:BP_Collectable_C_UAID_A8A15972FD61BB2302_1350328369 Label:BP_Collectable2 SpatiallyLoaded:1 Bounds:IsValid=true, Min=(X=1379.239 Y=1066.000 Z=19.239), Max=(X=1440.761 Y=1114.000 Z=80.761) RuntimeGrid:None EditorOnly:0 RuntimeOnly:0 HLODRelevant:0 ListedInSceneOutliner:1 IsMainWorldOnly:0
 |   |   |- Guid:94F6D9A645798F5BAD0B58BEED8F27F5 BaseClass: NativeClass:/Script/Engine.StaticMeshActor Name:StaticMeshActor_32 Label:SM_QuarterCylinder11 SpatiallyLoaded:1 Bounds:IsValid=true, Min=(X=2200.000 Y=700.000 Z=-0.000), Max=(X=2400.000 Y=900.000 Z=100.000) RuntimeGrid:None EditorOnly:0 RuntimeOnly:0 HLODRelevant:1 ListedInSceneOutliner:1 IsMainWorldOnly:0 FolderPath:Cylinder FolderGuid:D075E5BA49330D3EC2503D81A7CF88D1
 |   |   |- Guid:961864A84FF6F65B68F2A3BE5819D538 BaseClass: NativeClass:/Script/Engine.StaticMeshActor Name:StaticMeshActor_8 Label:SM_Cube4 SpatiallyLoaded:1 Bounds:IsValid=true, Min=(X=1200.000 Y=1700.000 Z=0.000), Max=(X=1800.000 Y=2200.000 Z=200.000) RuntimeGrid:None EditorOnly:0 RuntimeOnly:0 HLODRelevant:1 ListedInSceneOutliner:1 IsMainWorldOnly:0 FolderPath:Block01 FolderGuid:7D23E5AE4C2A421F86AF6986D87E6D05
 |   |   |- Guid:9765ECF54858C165188C95B28D88016B BaseClass: NativeClass:/Script/Engine.StaticMeshActor Name:StaticMeshActor_12 Label:SM_Cube8 SpatiallyLoaded:1 Bounds:IsValid=true, Min=(X=1700.000 Y=2600.000 Z=0.000), Max=(X=2900.000 Y=2900.000 Z=200.000) RuntimeGrid:None EditorOnly:0 RuntimeOnly:0 HLODRelevant:1 ListedInSceneOutliner:1 IsMainWorldOnly:0 FolderPath:Block02 FolderGuid:EBA23F8248252949750E43911A3A1CDD
 |   |   |- Guid:9B5C254E438444A03E0FDAA2AD50C1E1 BaseClass:/Game/ThirdPerson/Blueprints/BP_MovingPlat.BP_MovingPlat_C NativeClass:/Script/Engine.Actor Name:BP_MovingPlat_C_UAID_A8A15972FD61BB2302_2138786383 Label:BP_MovingPlat SpatiallyLoaded:1 Bounds:IsValid=true, Min=(X=715.000 Y=2615.000 Z=185.000), Max=(X=965.000 Y=2865.000 Z=195.000) RuntimeGrid:None EditorOnly:0 RuntimeOnly:0 HLODRelevant:0 ListedInSceneOutliner:1 IsMainWorldOnly:0
 |   |   |- Guid:A56216954B2165CF0F35A886B537D536 BaseClass: NativeClass:/Script/Engine.StaticMeshActor Name:StaticMeshActor_0 Label:SM_Cube5 SpatiallyLoaded:1 Bounds:IsValid=true, Min=(X=-0.000 Y=100.000 Z=0.000), Max=(X=100.000 Y=3400.000 Z=400.000) RuntimeGrid:None EditorOnly:0 RuntimeOnly:0 HLODRelevant:1 ListedInSceneOutliner:1 IsMainWorldOnly:0 FolderPath:Playground FolderGuid:C73F09FC4215536B1DCE2A9E0A830C70
 |   |   |- Guid:AB74120142217676C6EC818E6B49412B BaseClass: NativeClass:/Script/Engine.StaticMeshActor Name:StaticMeshActor_15 Label:SM_Cube10 SpatiallyLoaded:1 Bounds:IsValid=true, Min=(X=1800.000 Y=2100.000 Z=100.000), Max=(X=2000.000 Y=2200.000 Z=200.000) RuntimeGrid:None EditorOnly:0 RuntimeOnly:0 HLODRelevant:1 ListedInSceneOutliner:1 IsMainWorldOnly:0 FolderPath:Block01 FolderGuid:7D23E5AE4C2A421F86AF6986D87E6D05
 |   |   |- Guid:B785ED2844B84CFB91E7F39FE661CD99 BaseClass: NativeClass:/Script/Engine.DirectionalLight Name:DirectionalLight_0 Label:DirectionalLight SpatiallyLoaded:0 Bounds:IsValid=true, Min=(X=-1048576.000 Y=-1048576.000 Z=-1048576.000), Max=(X=1048576.000 Y=1048576.000 Z=1048576.000) RuntimeGrid:None EditorOnly:0 RuntimeOnly:0 HLODRelevant:0 ListedInSceneOutliner:1 IsMainWorldOnly:0 FolderPath:Lighting FolderGuid:963EC3EB4002CCE9759E2EBA541A873A
 |   |   |- Guid:BC08B79C4EA3C961CFF75EBBE83B367D BaseClass: NativeClass:/Script/Engine.StaticMeshActor Name:StaticMeshActor_5 Label:SM_Cube2 SpatiallyLoaded:1 Bounds:IsValid=true, Min=(X=0.000 Y=-3500.000 Z=0.000), Max=(X=3000.000 Y=-3400.000 Z=400.000) RuntimeGrid:None EditorOnly:0 RuntimeOnly:0 HLODRelevant:1 ListedInSceneOutliner:1 IsMainWorldOnly:0 FolderPath:Playground FolderGuid:C73F09FC4215536B1DCE2A9E0A830C70
 |   |   |- Guid:C05987494E2F2B59108F4CB3FADE155E BaseClass: NativeClass:/Script/Engine.StaticMeshActor Name:StaticMeshActor_UAID_A8A15972FD61BB2302_1466633372 Label:SM_Cube16 SpatiallyLoaded:1 Bounds:IsValid=true, Min=(X=2900.000 Y=-3400.000 Z=0.000), Max=(X=3000.000 Y=100.000 Z=400.000) RuntimeGrid:None EditorOnly:0 RuntimeOnly:0 HLODRelevant:1 ListedInSceneOutliner:1 IsMainWorldOnly:0 FolderPath:Playground FolderGuid:C73F09FC4215536B1DCE2A9E0A830C70
 |   |   |- Guid:C15C2C8D4EA4ADE0BD1349AFD814988B BaseClass: NativeClass:/Script/Engine.StaticMeshActor Name:StaticMeshActor_14 Label:SM_Ramp3 SpatiallyLoaded:1 Bounds:IsValid=true, Min=(X=1800.000 Y=1700.000 Z=100.000), Max=(X=2000.000 Y=2100.000 Z=200.000) RuntimeGrid:None EditorOnly:0 RuntimeOnly:0 HLODRelevant:1 ListedInSceneOutliner:1 IsMainWorldOnly:0 FolderPath:Block01 FolderGuid:7D23E5AE4C2A421F86AF6986D87E6D05
 |   |   |- Guid:CCFF262C46EEFFDF319E7F9539CE697E BaseClass: NativeClass:/Script/Engine.SkyAtmosphere Name:SkyAtmosphere_0 Label:SkyAtmosphere SpatiallyLoaded:0 Bounds:IsValid=true, Min=(X=0.000 Y=0.000 Z=1020.000), Max=(X=0.000 Y=0.000 Z=1020.000) RuntimeGrid:None EditorOnly:0 RuntimeOnly:0 HLODRelevant:0 ListedInSceneOutliner:1 IsMainWorldOnly:0 FolderPath:Lighting FolderGuid:963EC3EB4002CCE9759E2EBA541A873A
 |   |   |- Guid:DBC730174A7F51D9E14433AEF0C30A39 BaseClass: NativeClass:/Script/Engine.StaticMeshActor Name:StaticMeshActor_24 Label:SM_Cube13 SpatiallyLoaded:1 Bounds:IsValid=true, Min=(X=300.000 Y=2700.000 Z=0.000), Max=(X=400.000 Y=2800.000 Z=200.000) RuntimeGrid:None EditorOnly:0 RuntimeOnly:0 HLODRelevant:1 ListedInSceneOutliner:1 IsMainWorldOnly:0 FolderPath:Block03 FolderGuid:7B7009C345D3D6DD94D3429E1D79C034
 |   |   |- Guid:DE3A079B4635A6D8D620CCBC6C0BB1C0 BaseClass: NativeClass:/Script/Engine.StaticMeshActor Name:StaticMeshActor_35 Label:SM_QuarterCylinder14 SpatiallyLoaded:1 Bounds:IsValid=true, Min=(X=2200.000 Y=500.000 Z=0.000), Max=(X=2400.000 Y=700.000 Z=100.000) RuntimeGrid:None EditorOnly:0 RuntimeOnly:0 HLODRelevant:1 ListedInSceneOutliner:1 IsMainWorldOnly:0 FolderPath:Cylinder FolderGuid:D075E5BA49330D3EC2503D81A7CF88D1
 |   |   |- Guid:E0BCEEC54DBEED8448690B804E0B99A2 BaseClass: NativeClass:/Script/Engine.StaticMeshActor Name:StaticMeshActor_UAID_A8A15972FD61BB2302_1521730373 Label:SM_Ramp4 SpatiallyLoaded:1 Bounds:IsValid=true, Min=(X=1890.000 Y=-2610.000 Z=100.000), Max=(X=2090.000 Y=-2210.000 Z=200.000) RuntimeGrid:None EditorOnly:0 RuntimeOnly:0 HLODRelevant:1 ListedInSceneOutliner:1 IsMainWorldOnly:0 FolderPath:Block01 FolderGuid:7D23E5AE4C2A421F86AF6986D87E6D05
 |   |   |- Guid:E864EE5542C27D6674BEBB9312F02BB4 BaseClass: NativeClass:/Script/Engine.StaticMeshActor Name:StaticMeshActor_23 Label:SM_QuarterCylinder5 SpatiallyLoaded:1 Bounds:IsValid=true, Min=(X=300.000 Y=2800.000 Z=0.000), Max=(X=400.000 Y=2900.000 Z=200.000) RuntimeGrid:None EditorOnly:0 RuntimeOnly:0 HLODRelevant:1 ListedInSceneOutliner:1 IsMainWorldOnly:0 FolderPath:Block03 FolderGuid:7B7009C345D3D6DD94D3429E1D79C034
 |   |   |- Guid:EC4E0C944CE6AC6E784BC6BB2916EA13 BaseClass: NativeClass:/Script/Engine.StaticMeshActor Name:StaticMeshActor_UAID_A4AE111137DC5EFB00_1110535423 Label:SM_SkySphere SpatiallyLoaded:0 Bounds:IsValid=true, Min=(X=-1638400.000 Y=-1638400.000 Z=-1638400.000), Max=(X=1638400.000 Y=1638400.000 Z=1638400.000) RuntimeGrid:None EditorOnly:0 RuntimeOnly:0 HLODRelevant:1 ListedInSceneOutliner:1 IsMainWorldOnly:0 FolderPath:Lighting FolderGuid:963EC3EB4002CCE9759E2EBA541A873A
 |   |   |- Guid:EDAA34A64E50B17535C2EB826C12557D BaseClass: NativeClass:/Script/Engine.StaticMeshActor Name:StaticMeshActor_9 Label:SM_Ramp2 SpatiallyLoaded:1 Bounds:IsValid=true, Min=(X=1400.000 Y=1500.000 Z=0.000), Max=(X=1800.000 Y=1700.000 Z=100.000) RuntimeGrid:None EditorOnly:0 RuntimeOnly:0 HLODRelevant:1 ListedInSceneOutliner:1 IsMainWorldOnly:0 FolderPath:Block01 FolderGuid:7D23E5AE4C2A421F86AF6986D87E6D05
 |   |   |- Guid:F1924B8D48954B30891B2DB6A694F9CC BaseClass: NativeClass:/Script/Engine.StaticMeshActor Name:StaticMeshActor_1 Label:SM_Cube SpatiallyLoaded:1 Bounds:IsValid=true, Min=(X=0.000 Y=0.000 Z=-50.000), Max=(X=3000.000 Y=3500.000 Z=0.000) RuntimeGrid:None EditorOnly:0 RuntimeOnly:0 HLODRelevant:1 ListedInSceneOutliner:1 IsMainWorldOnly:0 FolderPath:Playground FolderGuid:C73F09FC4215536B1DCE2A9E0A830C70
 |   |   |- Guid:F4AAA1CA4D204EB96E54F5BD1EB46A62 BaseClass: NativeClass:/Script/Engine.StaticMeshActor Name:StaticMeshActor_7 Label:SM_Cube7 SpatiallyLoaded:1 Bounds:IsValid=true, Min=(X=1300.000 Y=2200.000 Z=0.000), Max=(X=1500.000 Y=2300.000 Z=200.000) RuntimeGrid:None EditorOnly:0 RuntimeOnly:0 HLODRelevant:1 ListedInSceneOutliner:1 IsMainWorldOnly:0 FolderPath:Block01 FolderGuid:7D23E5AE4C2A421F86AF6986D87E6D05
 |   |   |- Guid:F5E3FEB3450C49844FD93DA8E083C8AD BaseClass: NativeClass:/Script/Engine.PostProcessVolume Name:PostProcessVolume_0 Label:PostProcessVolume SpatiallyLoaded:0 Bounds:IsValid=true, Min=(X=0.000 Y=0.000 Z=400.000), Max=(X=200.000 Y=200.000 Z=600.000) RuntimeGrid:None EditorOnly:0 RuntimeOnly:0 HLODRelevant:0 ListedInSceneOutliner:1 IsMainWorldOnly:0 FolderPath:Lighting FolderGuid:963EC3EB4002CCE9759E2EBA541A873A
 |   |   |- Guid:F703AD214DE20FBE9DA411817BF79E0A BaseClass: NativeClass:/Script/Engine.StaticMeshActor Name:StaticMeshActor_21 Label:SM_QuarterCylinder3 SpatiallyLoaded:1 Bounds:IsValid=true, Min=(X=1500.000 Y=2200.000 Z=0.000), Max=(X=1600.000 Y=2300.000 Z=200.000) RuntimeGrid:None EditorOnly:0 RuntimeOnly:0 HLODRelevant:1 ListedInSceneOutliner:1 IsMainWorldOnly:0 FolderPath:Block01 FolderGuid:7D23E5AE4C2A421F86AF6986D87E6D05
 |   |   |- Guid:FCBE21384E41C88B8CE2E8A38F87AC52 BaseClass:/Game/ThirdPerson/Blueprints/BP_Collectable.BP_Collectable_C NativeClass:/Script/Engine.Actor Name:BP_Collectable_C_UAID_A8A15972FD61BA2302_1600724192 Label:BP_Collectable SpatiallyLoaded:1 Bounds:IsValid=true, Min=(X=469.239 Y=2716.000 Z=219.239), Max=(X=530.761 Y=2764.000 Z=280.761) RuntimeGrid:None EditorOnly:0 RuntimeOnly:0 HLODRelevant:0 ListedInSceneOutliner:1 IsMainWorldOnly:0
 |   |   |- Guid:FF698C67459ADB4982D7759C0905EE9F BaseClass: NativeClass:/Script/Engine.StaticMeshActor Name:StaticMeshActor_6 Label:SM_Cube3 SpatiallyLoaded:1 Bounds:IsValid=true, Min=(X=0.000 Y=3400.000 Z=0.000), Max=(X=3000.000 Y=3500.000 Z=400.000) RuntimeGrid:None EditorOnly:0 RuntimeOnly:0 HLODRelevant:1 ListedInSceneOutliner:1 IsMainWorldOnly:0 FolderPath:Playground FolderGuid:C73F09FC4215536B1DCE2A9E0A830C70
 |   |- [+] Clusters:
 |   |   |- [+] [  0]
 |   |   |   |- Guid:061A6AF74653C10A3B3C309FCF19F209 BaseClass: NativeClass:/Script/Engine.StaticMeshActor Name:StaticMeshActor_UAID_A8A15972FD61BB2302_1521735379 Label:SM_Cube19 SpatiallyLoaded:1 Bounds:IsValid=true, Min=(X=1390.000 Y=-2110.000 Z=0.000), Max=(X=1590.000 Y=-2010.000 Z=200.000) RuntimeGrid:None EditorOnly:0 RuntimeOnly:0 HLODRelevant:1 ListedInSceneOutliner:1 IsMainWorldOnly:0 FolderPath:Block01 FolderGuid:7D23E5AE4C2A421F86AF6986D87E6D05
 |   |   |- [+] [  1]
 |   |   |   |- Guid:08F9DC56444CFFF3F13B379E81EF05BC BaseClass: NativeClass:/Script/Engine.StaticMeshActor Name:StaticMeshActor_16 Label:SM_Cube11 SpatiallyLoaded:1 Bounds:IsValid=true, Min=(X=400.000 Y=2600.000 Z=0.000), Max=(X=700.000 Y=2900.000 Z=200.000) RuntimeGrid:None EditorOnly:0 RuntimeOnly:0 HLODRelevant:1 ListedInSceneOutliner:1 IsMainWorldOnly:0 FolderPath:Block03 FolderGuid:7B7009C345D3D6DD94D3429E1D79C034
 |   |   |- [+] [  2]
 |   |   |   |- Guid:0A733B864C327F0B589EC8BBDD0265BC BaseClass: NativeClass:/Script/Engine.StaticMeshActor Name:StaticMeshActor_13 Label:SM_Cube9 SpatiallyLoaded:1 Bounds:IsValid=true, Min=(X=1800.000 Y=1500.000 Z=0.000), Max=(X=2000.000 Y=2200.000 Z=100.000) RuntimeGrid:None EditorOnly:0 RuntimeOnly:0 HLODRelevant:1 ListedInSceneOutliner:1 IsMainWorldOnly:0 FolderPath:Block01 FolderGuid:7D23E5AE4C2A421F86AF6986D87E6D05
 |   |   |- [+] [  3]
 |   |   |   |- Guid:1A789DC8415097E9856E5DB60740F01D BaseClass: NativeClass:/Script/Engine.StaticMeshActor Name:StaticMeshActor_34 Label:SM_QuarterCylinder13 SpatiallyLoaded:1 Bounds:IsValid=true, Min=(X=2000.000 Y=500.000 Z=0.000), Max=(X=2200.000 Y=700.000 Z=100.000) RuntimeGrid:None EditorOnly:0 RuntimeOnly:0 HLODRelevant:1 ListedInSceneOutliner:1 IsMainWorldOnly:0 FolderPath:Cylinder FolderGuid:D075E5BA49330D3EC2503D81A7CF88D1
 |   |   |- [+] [  4]
 |   |   |   |- Guid:1B9598344A1F20E1A5125DA8A7E9FC0F BaseClass: NativeClass:/Script/Engine.StaticMeshActor Name:StaticMeshActor_22 Label:SM_QuarterCylinder4 SpatiallyLoaded:1 Bounds:IsValid=true, Min=(X=300.000 Y=2600.000 Z=0.000), Max=(X=400.000 Y=2700.000 Z=200.000) RuntimeGrid:None EditorOnly:0 RuntimeOnly:0 HLODRelevant:1 ListedInSceneOutliner:1 IsMainWorldOnly:0 FolderPath:Block03 FolderGuid:7B7009C345D3D6DD94D3429E1D79C034
 |   |   |- [+] [  5]
 |   |   |   |- Guid:26B8C3BE41021A3F42B61FA534F9181E BaseClass: NativeClass:/Script/Engine.StaticMeshActor Name:StaticMeshActor_20 Label:SM_Cube12 SpatiallyLoaded:1 Bounds:IsValid=true, Min=(X=2500.000 Y=2700.000 Z=0.000), Max=(X=2600.000 Y=2800.000 Z=200.000) RuntimeGrid:None EditorOnly:0 RuntimeOnly:0 HLODRelevant:1 ListedInSceneOutliner:1 IsMainWorldOnly:0 FolderPath:Block02 FolderGuid:EBA23F8248252949750E43911A3A1CDD
 |   |   |- [+] [  6]
 |   |   |   |- Guid:2813F9554D3608B7CD4986BA790F7115 BaseClass: NativeClass:/Script/Engine.StaticMeshActor Name:StaticMeshActor_UAID_A8A15972FD61BB2302_1419445370 Label:SM_Cube14 SpatiallyLoaded:1 Bounds:IsValid=true, Min=(X=0.000 Y=-3500.000 Z=-50.000), Max=(X=3000.000 Y=0.000 Z=0.000) RuntimeGrid:None EditorOnly:0 RuntimeOnly:0 HLODRelevant:1 ListedInSceneOutliner:1 IsMainWorldOnly:0 FolderPath:Playground FolderGuid:C73F09FC4215536B1DCE2A9E0A830C70
 |   |   |- [+] [  7]
 |   |   |   |- Guid:2FB58999456391D349DC0F86DAC136ED BaseClass: NativeClass:/Script/Engine.SkyLight Name:SkyLight_1 Label:SkyLight SpatiallyLoaded:0 Bounds:IsValid=true, Min=(X=0.000 Y=0.000 Z=690.000), Max=(X=0.000 Y=0.000 Z=690.000) RuntimeGrid:None EditorOnly:0 RuntimeOnly:0 HLODRelevant:0 ListedInSceneOutliner:1 IsMainWorldOnly:0 FolderPath:Lighting FolderGuid:963EC3EB4002CCE9759E2EBA541A873A
 |   |   |- [+] [  8]
 |   |   |   |- Guid:316CF2A6494ACA4C0E4180A87D36AB8F BaseClass: NativeClass:/Script/Engine.ExponentialHeightFog Name:ExponentialHeightFog_0 Label:ExponentialHeightFog SpatiallyLoaded:0 Bounds:IsValid=true, Min=(X=-5600.000 Y=-50.000 Z=-6850.000), Max=(X=-5600.000 Y=-50.000 Z=-6850.000) RuntimeGrid:None EditorOnly:0 RuntimeOnly:0 HLODRelevant:0 ListedInSceneOutliner:1 IsMainWorldOnly:0 FolderPath:Lighting FolderGuid:963EC3EB4002CCE9759E2EBA541A873A
 |   |   |- [+] [  9]
 |   |   |   |- Guid:3A00AA1C422CE54C0BDB60BAF471BFBB BaseClass: NativeClass:/Script/Engine.PlayerStart Name:PlayerStart_0 Label:PlayerStart SpatiallyLoaded:0 Bounds:IsValid=true, Min=(X=860.000 Y=1070.000 Z=0.013), Max=(X=940.000 Y=1150.000 Z=184.013) RuntimeGrid:None EditorOnly:0 RuntimeOnly:0 HLODRelevant:0 ListedInSceneOutliner:1 IsMainWorldOnly:0
 |   |   |- [+] [ 10]
 |   |   |   |- Guid:43815E84492231AFC407F59E3C28176B BaseClass: NativeClass:/Script/Engine.StaticMeshActor Name:StaticMeshActor_4 Label:SM_Cube6 SpatiallyLoaded:1 Bounds:IsValid=true, Min=(X=2900.000 Y=100.000 Z=0.000), Max=(X=3000.000 Y=3400.000 Z=400.000) RuntimeGrid:None EditorOnly:0 RuntimeOnly:0 HLODRelevant:1 ListedInSceneOutliner:1 IsMainWorldOnly:0 FolderPath:Playground FolderGuid:C73F09FC4215536B1DCE2A9E0A830C70
 |   |   |- [+] [ 11]
 |   |   |   |- Guid:462C4B8845ADA99BDE077282CB243959 BaseClass: NativeClass:/Script/Engine.StaticMeshActor Name:StaticMeshActor_UAID_A8A15972FD61BB2302_1521733376 Label:SM_Cube17 SpatiallyLoaded:1 Bounds:IsValid=true, Min=(X=1290.000 Y=-2610.000 Z=0.000), Max=(X=1890.000 Y=-2110.000 Z=200.000) RuntimeGrid:None EditorOnly:0 RuntimeOnly:0 HLODRelevant:1 ListedInSceneOutliner:1 IsMainWorldOnly:0 FolderPath:Block01 FolderGuid:7D23E5AE4C2A421F86AF6986D87E6D05
 |   |   |- [+] [ 12]
 |   |   |   |- Guid:4D3BE93F4146AAAC8BBE79999D96D57F BaseClass: NativeClass:/Script/Engine.VolumetricCloud Name:VolumetricCloud_0 Label:VolumetricCloud SpatiallyLoaded:0 Bounds:IsValid=true, Min=(X=0.000 Y=0.000 Z=820.000), Max=(X=0.000 Y=0.000 Z=820.000) RuntimeGrid:None EditorOnly:0 RuntimeOnly:0 HLODRelevant:0 ListedInSceneOutliner:1 IsMainWorldOnly:0 FolderPath:Lighting FolderGuid:963EC3EB4002CCE9759E2EBA541A873A
 |   |   |- [+] [ 13]
 |   |   |   |- Guid:4DAD2F5645721B9EAB20FEA97C876270 BaseClass: NativeClass:/Script/Engine.StaticMeshActor Name:StaticMeshActor_UAID_A8A15972FD61BB2302_1521731374 Label:SM_QuarterCylinder7 SpatiallyLoaded:1 Bounds:IsValid=true, Min=(X=1290.000 Y=-2110.000 Z=0.000), Max=(X=1390.000 Y=-2010.000 Z=200.000) RuntimeGrid:None EditorOnly:0 RuntimeOnly:0 HLODRelevant:1 ListedInSceneOutliner:1 IsMainWorldOnly:0 FolderPath:Block01 FolderGuid:7D23E5AE4C2A421F86AF6986D87E6D05
 |   |   |- [+] [ 14]
 |   |   |   |- Guid:59CE89D047C75FBE41189BA8ABD2CA2A BaseClass: NativeClass:/Script/Engine.StaticMeshActor Name:StaticMeshActor_18 Label:SM_QuarterCylinder SpatiallyLoaded:1 Bounds:IsValid=true, Min=(X=2500.000 Y=2800.000 Z=0.000), Max=(X=2600.000 Y=2900.000 Z=200.000) RuntimeGrid:None EditorOnly:0 RuntimeOnly:0 HLODRelevant:1 ListedInSceneOutliner:1 IsMainWorldOnly:0 FolderPath:Block02 FolderGuid:EBA23F8248252949750E43911A3A1CDD
 |   |   |- [+] [ 15]
 |   |   |   |- Guid:5B97F4A64FB21F77EFC44386BF705B4C BaseClass: NativeClass:/Script/Engine.TextRenderActor Name:TextRenderActor_1 Label:TextRenderActor SpatiallyLoaded:1 Bounds:IsValid=true, Min=(X=-0.100 Y=1100.000 Z=65.013), Max=(X=-0.100 Y=2392.308 Z=215.013) RuntimeGrid:None EditorOnly:0 RuntimeOnly:0 HLODRelevant:0 ListedInSceneOutliner:1 IsMainWorldOnly:0
 |   |   |- [+] [ 16]
 |   |   |   |- Guid:5E4DB4154690C8B4EB14EAA9E92FAAFF BaseClass: NativeClass:/Script/Engine.StaticMeshActor Name:StaticMeshActor_33 Label:SM_QuarterCylinder12 SpatiallyLoaded:1 Bounds:IsValid=true, Min=(X=2000.000 Y=700.000 Z=0.000), Max=(X=2200.000 Y=900.000 Z=100.000) RuntimeGrid:None EditorOnly:0 RuntimeOnly:0 HLODRelevant:1 ListedInSceneOutliner:1 IsMainWorldOnly:0 FolderPath:Cylinder FolderGuid:D075E5BA49330D3EC2503D81A7CF88D1
 |   |   |- [+] [ 17]
 |   |   |   |- Guid:62411D0C42C34796BE94A6A3D726F1B8 BaseClass: NativeClass:/Script/Engine.StaticMeshActor Name:StaticMeshActor_UAID_A8A15972FD61BB2302_1451425371 Label:SM_Cube15 SpatiallyLoaded:1 Bounds:IsValid=true, Min=(X=-0.000 Y=-3400.000 Z=0.000), Max=(X=100.000 Y=100.000 Z=400.000) RuntimeGrid:None EditorOnly:0 RuntimeOnly:0 HLODRelevant:1 ListedInSceneOutliner:1 IsMainWorldOnly:0 FolderPath:Playground FolderGuid:C73F09FC4215536B1DCE2A9E0A830C70
 |   |   |- [+] [ 18]
 |   |   |   |- Guid:68088DF1425B9FABE380659C5FC30974 BaseClass: NativeClass:/Script/Engine.StaticMeshActor Name:StaticMeshActor_UAID_A8A15972FD61BB2302_1521733377 Label:SM_Cube18 SpatiallyLoaded:1 Bounds:IsValid=true, Min=(X=1890.000 Y=-2810.000 Z=0.000), Max=(X=2090.000 Y=-2110.000 Z=100.000) RuntimeGrid:None EditorOnly:0 RuntimeOnly:0 HLODRelevant:1 ListedInSceneOutliner:1 IsMainWorldOnly:0 FolderPath:Block01 FolderGuid:7D23E5AE4C2A421F86AF6986D87E6D05
 |   |   |- [+] [ 19]
 |   |   |   |- Guid:6B7088014ED24B0193D4E1965830E909 BaseClass: NativeClass:/Script/Engine.StaticMeshActor Name:StaticMeshActor_UAID_A8A15972FD61BB2302_1521732375 Label:SM_Ramp5 SpatiallyLoaded:1 Bounds:IsValid=true, Min=(X=1490.000 Y=-2810.000 Z=0.000), Max=(X=1890.000 Y=-2610.000 Z=100.000) RuntimeGrid:None EditorOnly:0 RuntimeOnly:0 HLODRelevant:1 ListedInSceneOutliner:1 IsMainWorldOnly:0 FolderPath:Block01 FolderGuid:7D23E5AE4C2A421F86AF6986D87E6D05
 |   |   |- [+] [ 20]
 |   |   |   |- Guid:6BAF4DDD444C60371492D3919DB42C97 BaseClass: NativeClass:/Script/Engine.WorldDataLayers Name:WorldDataLayers Label:WorldDataLayers SpatiallyLoaded:0 Bounds:IsValid=true, Min=(X=0.000 Y=0.000 Z=0.000), Max=(X=0.000 Y=0.000 Z=0.000) RuntimeGrid:None EditorOnly:0 RuntimeOnly:0 HLODRelevant:0 ListedInSceneOutliner:1 IsMainWorldOnly:1
 |   |   |- [+] [ 21]
 |   |   |   |- Guid:7587444F4FB13B9B9CD114BBE7885340 BaseClass: NativeClass:/Script/Engine.StaticMeshActor Name:StaticMeshActor_19 Label:SM_QuarterCylinder2 SpatiallyLoaded:1 Bounds:IsValid=true, Min=(X=2500.000 Y=2600.000 Z=0.000), Max=(X=2600.000 Y=2700.000 Z=200.000) RuntimeGrid:None EditorOnly:0 RuntimeOnly:0 HLODRelevant:1 ListedInSceneOutliner:1 IsMainWorldOnly:0 FolderPath:Block02 FolderGuid:EBA23F8248252949750E43911A3A1CDD
 |   |   |- [+] [ 22]
 |   |   |   |- Guid:764265F1468E147D60E7CA816F19B7D3 BaseClass: NativeClass:/Script/Engine.StaticMeshActor Name:StaticMeshActor_UAID_A8A15972FD61BB2302_1673773380 Label:SM_Cube20 SpatiallyLoaded:1 Bounds:IsValid=true, Min=(X=1890.000 Y=-2210.000 Z=100.000), Max=(X=2090.000 Y=-2110.000 Z=200.000) RuntimeGrid:None EditorOnly:0 RuntimeOnly:0 HLODRelevant:1 ListedInSceneOutliner:1 IsMainWorldOnly:0 FolderPath:Block01 FolderGuid:7D23E5AE4C2A421F86AF6986D87E6D05
 |   |   |- [+] [ 23]
 |   |   |   |- Guid:79C9B0C246824948C2428ABA13657451 BaseClass: NativeClass:/Script/Engine.StaticMeshActor Name:StaticMeshActor_25 Label:SM_QuarterCylinder6 SpatiallyLoaded:1 Bounds:IsValid=true, Min=(X=1200.000 Y=2200.000 Z=0.000), Max=(X=1300.000 Y=2300.000 Z=200.000) RuntimeGrid:None EditorOnly:0 RuntimeOnly:0 HLODRelevant:1 ListedInSceneOutliner:1 IsMainWorldOnly:0 FolderPath:Block01 FolderGuid:7D23E5AE4C2A421F86AF6986D87E6D05
 |   |   |- [+] [ 24]
 |   |   |   |- Guid:7C172A0740B33B6D38EEF38A63E0B945 BaseClass: NativeClass:/Script/Engine.StaticMeshActor Name:StaticMeshActor_3 Label:SM_Ramp SpatiallyLoaded:1 Bounds:IsValid=true, Min=(X=1300.000 Y=600.000 Z=0.000), Max=(X=1700.000 Y=800.000 Z=30.000) RuntimeGrid:None EditorOnly:0 RuntimeOnly:0 HLODRelevant:1 ListedInSceneOutliner:1 IsMainWorldOnly:0
 |   |   |- [+] [ 25]
 |   |   |   |- Guid:81019033422012E1E06D2EB992D51299 BaseClass:/Game/ThirdPerson/Blueprints/BP_MovingPlat.BP_MovingPlat_C NativeClass:/Script/Engine.Actor Name:BP_MovingPlat_C_UAID_A8A15972FD61BC2302_1570322562 Label:BP_MovingPlat2 SpatiallyLoaded:1 Bounds:IsValid=true, Min=(X=385.000 Y=1105.000 Z=155.000), Max=(X=635.000 Y=1355.000 Z=165.000) RuntimeGrid:None EditorOnly:0 RuntimeOnly:0 HLODRelevant:0 ListedInSceneOutliner:1 IsMainWorldOnly:0
 |   |   |- [+] [ 26]
 |   |   |   |- Guid:88952A734D20E2DD494EE7BA88DF6079 BaseClass: NativeClass:/Script/Engine.StaticMeshActor Name:StaticMeshActor_UAID_A8A15972FD61BB2302_1521734378 Label:SM_QuarterCylinder8 SpatiallyLoaded:1 Bounds:IsValid=true, Min=(X=1590.000 Y=-2110.000 Z=0.000), Max=(X=1690.000 Y=-2010.000 Z=200.000) RuntimeGrid:None EditorOnly:0 RuntimeOnly:0 HLODRelevant:1 ListedInSceneOutliner:1 IsMainWorldOnly:0 FolderPath:Block01 FolderGuid:7D23E5AE4C2A421F86AF6986D87E6D05
 |   |   |- [+] [ 27]
 |   |   |   |- Guid:92317320456763A99195CA86A9793EA1 BaseClass:/Game/ThirdPerson/Blueprints/BP_Collectable.BP_Collectable_C NativeClass:/Script/Engine.Actor Name:BP_Collectable_C_UAID_A8A15972FD61BB2302_1350328369 Label:BP_Collectable2 SpatiallyLoaded:1 Bounds:IsValid=true, Min=(X=1379.239 Y=1066.000 Z=19.239), Max=(X=1440.761 Y=1114.000 Z=80.761) RuntimeGrid:None EditorOnly:0 RuntimeOnly:0 HLODRelevant:0 ListedInSceneOutliner:1 IsMainWorldOnly:0
 |   |   |- [+] [ 28]
 |   |   |   |- Guid:94F6D9A645798F5BAD0B58BEED8F27F5 BaseClass: NativeClass:/Script/Engine.StaticMeshActor Name:StaticMeshActor_32 Label:SM_QuarterCylinder11 SpatiallyLoaded:1 Bounds:IsValid=true, Min=(X=2200.000 Y=700.000 Z=-0.000), Max=(X=2400.000 Y=900.000 Z=100.000) RuntimeGrid:None EditorOnly:0 RuntimeOnly:0 HLODRelevant:1 ListedInSceneOutliner:1 IsMainWorldOnly:0 FolderPath:Cylinder FolderGuid:D075E5BA49330D3EC2503D81A7CF88D1
 |   |   |- [+] [ 29]
 |   |   |   |- Guid:961864A84FF6F65B68F2A3BE5819D538 BaseClass: NativeClass:/Script/Engine.StaticMeshActor Name:StaticMeshActor_8 Label:SM_Cube4 SpatiallyLoaded:1 Bounds:IsValid=true, Min=(X=1200.000 Y=1700.000 Z=0.000), Max=(X=1800.000 Y=2200.000 Z=200.000) RuntimeGrid:None EditorOnly:0 RuntimeOnly:0 HLODRelevant:1 ListedInSceneOutliner:1 IsMainWorldOnly:0 FolderPath:Block01 FolderGuid:7D23E5AE4C2A421F86AF6986D87E6D05
 |   |   |- [+] [ 30]
 |   |   |   |- Guid:9765ECF54858C165188C95B28D88016B BaseClass: NativeClass:/Script/Engine.StaticMeshActor Name:StaticMeshActor_12 Label:SM_Cube8 SpatiallyLoaded:1 Bounds:IsValid=true, Min=(X=1700.000 Y=2600.000 Z=0.000), Max=(X=2900.000 Y=2900.000 Z=200.000) RuntimeGrid:None EditorOnly:0 RuntimeOnly:0 HLODRelevant:1 ListedInSceneOutliner:1 IsMainWorldOnly:0 FolderPath:Block02 FolderGuid:EBA23F8248252949750E43911A3A1CDD
 |   |   |- [+] [ 31]
 |   |   |   |- Guid:9B5C254E438444A03E0FDAA2AD50C1E1 BaseClass:/Game/ThirdPerson/Blueprints/BP_MovingPlat.BP_MovingPlat_C NativeClass:/Script/Engine.Actor Name:BP_MovingPlat_C_UAID_A8A15972FD61BB2302_2138786383 Label:BP_MovingPlat SpatiallyLoaded:1 Bounds:IsValid=true, Min=(X=715.000 Y=2615.000 Z=185.000), Max=(X=965.000 Y=2865.000 Z=195.000) RuntimeGrid:None EditorOnly:0 RuntimeOnly:0 HLODRelevant:0 ListedInSceneOutliner:1 IsMainWorldOnly:0
 |   |   |- [+] [ 32]
 |   |   |   |- Guid:A56216954B2165CF0F35A886B537D536 BaseClass: NativeClass:/Script/Engine.StaticMeshActor Name:StaticMeshActor_0 Label:SM_Cube5 SpatiallyLoaded:1 Bounds:IsValid=true, Min=(X=-0.000 Y=100.000 Z=0.000), Max=(X=100.000 Y=3400.000 Z=400.000) RuntimeGrid:None EditorOnly:0 RuntimeOnly:0 HLODRelevant:1 ListedInSceneOutliner:1 IsMainWorldOnly:0 FolderPath:Playground FolderGuid:C73F09FC4215536B1DCE2A9E0A830C70
 |   |   |- [+] [ 33]
 |   |   |   |- Guid:AB74120142217676C6EC818E6B49412B BaseClass: NativeClass:/Script/Engine.StaticMeshActor Name:StaticMeshActor_15 Label:SM_Cube10 SpatiallyLoaded:1 Bounds:IsValid=true, Min=(X=1800.000 Y=2100.000 Z=100.000), Max=(X=2000.000 Y=2200.000 Z=200.000) RuntimeGrid:None EditorOnly:0 RuntimeOnly:0 HLODRelevant:1 ListedInSceneOutliner:1 IsMainWorldOnly:0 FolderPath:Block01 FolderGuid:7D23E5AE4C2A421F86AF6986D87E6D05
 |   |   |- [+] [ 34]
 |   |   |   |- Guid:B785ED2844B84CFB91E7F39FE661CD99 BaseClass: NativeClass:/Script/Engine.DirectionalLight Name:DirectionalLight_0 Label:DirectionalLight SpatiallyLoaded:0 Bounds:IsValid=true, Min=(X=-1048576.000 Y=-1048576.000 Z=-1048576.000), Max=(X=1048576.000 Y=1048576.000 Z=1048576.000) RuntimeGrid:None EditorOnly:0 RuntimeOnly:0 HLODRelevant:0 ListedInSceneOutliner:1 IsMainWorldOnly:0 FolderPath:Lighting FolderGuid:963EC3EB4002CCE9759E2EBA541A873A
 |   |   |- [+] [ 35]
 |   |   |   |- Guid:BC08B79C4EA3C961CFF75EBBE83B367D BaseClass: NativeClass:/Script/Engine.StaticMeshActor Name:StaticMeshActor_5 Label:SM_Cube2 SpatiallyLoaded:1 Bounds:IsValid=true, Min=(X=0.000 Y=-3500.000 Z=0.000), Max=(X=3000.000 Y=-3400.000 Z=400.000) RuntimeGrid:None EditorOnly:0 RuntimeOnly:0 HLODRelevant:1 ListedInSceneOutliner:1 IsMainWorldOnly:0 FolderPath:Playground FolderGuid:C73F09FC4215536B1DCE2A9E0A830C70
 |   |   |- [+] [ 36]
 |   |   |   |- Guid:C05987494E2F2B59108F4CB3FADE155E BaseClass: NativeClass:/Script/Engine.StaticMeshActor Name:StaticMeshActor_UAID_A8A15972FD61BB2302_1466633372 Label:SM_Cube16 SpatiallyLoaded:1 Bounds:IsValid=true, Min=(X=2900.000 Y=-3400.000 Z=0.000), Max=(X=3000.000 Y=100.000 Z=400.000) RuntimeGrid:None EditorOnly:0 RuntimeOnly:0 HLODRelevant:1 ListedInSceneOutliner:1 IsMainWorldOnly:0 FolderPath:Playground FolderGuid:C73F09FC4215536B1DCE2A9E0A830C70
 |   |   |- [+] [ 37]
 |   |   |   |- Guid:C15C2C8D4EA4ADE0BD1349AFD814988B BaseClass: NativeClass:/Script/Engine.StaticMeshActor Name:StaticMeshActor_14 Label:SM_Ramp3 SpatiallyLoaded:1 Bounds:IsValid=true, Min=(X=1800.000 Y=1700.000 Z=100.000), Max=(X=2000.000 Y=2100.000 Z=200.000) RuntimeGrid:None EditorOnly:0 RuntimeOnly:0 HLODRelevant:1 ListedInSceneOutliner:1 IsMainWorldOnly:0 FolderPath:Block01 FolderGuid:7D23E5AE4C2A421F86AF6986D87E6D05
 |   |   |- [+] [ 38]
 |   |   |   |- Guid:CCFF262C46EEFFDF319E7F9539CE697E BaseClass: NativeClass:/Script/Engine.SkyAtmosphere Name:SkyAtmosphere_0 Label:SkyAtmosphere SpatiallyLoaded:0 Bounds:IsValid=true, Min=(X=0.000 Y=0.000 Z=1020.000), Max=(X=0.000 Y=0.000 Z=1020.000) RuntimeGrid:None EditorOnly:0 RuntimeOnly:0 HLODRelevant:0 ListedInSceneOutliner:1 IsMainWorldOnly:0 FolderPath:Lighting FolderGuid:963EC3EB4002CCE9759E2EBA541A873A
 |   |   |- [+] [ 39]
 |   |   |   |- Guid:DBC730174A7F51D9E14433AEF0C30A39 BaseClass: NativeClass:/Script/Engine.StaticMeshActor Name:StaticMeshActor_24 Label:SM_Cube13 SpatiallyLoaded:1 Bounds:IsValid=true, Min=(X=300.000 Y=2700.000 Z=0.000), Max=(X=400.000 Y=2800.000 Z=200.000) RuntimeGrid:None EditorOnly:0 RuntimeOnly:0 HLODRelevant:1 ListedInSceneOutliner:1 IsMainWorldOnly:0 FolderPath:Block03 FolderGuid:7B7009C345D3D6DD94D3429E1D79C034
 |   |   |- [+] [ 40]
 |   |   |   |- Guid:DE3A079B4635A6D8D620CCBC6C0BB1C0 BaseClass: NativeClass:/Script/Engine.StaticMeshActor Name:StaticMeshActor_35 Label:SM_QuarterCylinder14 SpatiallyLoaded:1 Bounds:IsValid=true, Min=(X=2200.000 Y=500.000 Z=0.000), Max=(X=2400.000 Y=700.000 Z=100.000) RuntimeGrid:None EditorOnly:0 RuntimeOnly:0 HLODRelevant:1 ListedInSceneOutliner:1 IsMainWorldOnly:0 FolderPath:Cylinder FolderGuid:D075E5BA49330D3EC2503D81A7CF88D1
 |   |   |- [+] [ 41]
 |   |   |   |- Guid:E0BCEEC54DBEED8448690B804E0B99A2 BaseClass: NativeClass:/Script/Engine.StaticMeshActor Name:StaticMeshActor_UAID_A8A15972FD61BB2302_1521730373 Label:SM_Ramp4 SpatiallyLoaded:1 Bounds:IsValid=true, Min=(X=1890.000 Y=-2610.000 Z=100.000), Max=(X=2090.000 Y=-2210.000 Z=200.000) RuntimeGrid:None EditorOnly:0 RuntimeOnly:0 HLODRelevant:1 ListedInSceneOutliner:1 IsMainWorldOnly:0 FolderPath:Block01 FolderGuid:7D23E5AE4C2A421F86AF6986D87E6D05
 |   |   |- [+] [ 42]
 |   |   |   |- Guid:E864EE5542C27D6674BEBB9312F02BB4 BaseClass: NativeClass:/Script/Engine.StaticMeshActor Name:StaticMeshActor_23 Label:SM_QuarterCylinder5 SpatiallyLoaded:1 Bounds:IsValid=true, Min=(X=300.000 Y=2800.000 Z=0.000), Max=(X=400.000 Y=2900.000 Z=200.000) RuntimeGrid:None EditorOnly:0 RuntimeOnly:0 HLODRelevant:1 ListedInSceneOutliner:1 IsMainWorldOnly:0 FolderPath:Block03 FolderGuid:7B7009C345D3D6DD94D3429E1D79C034
 |   |   |- [+] [ 43]
 |   |   |   |- Guid:EC4E0C944CE6AC6E784BC6BB2916EA13 BaseClass: NativeClass:/Script/Engine.StaticMeshActor Name:StaticMeshActor_UAID_A4AE111137DC5EFB00_1110535423 Label:SM_SkySphere SpatiallyLoaded:0 Bounds:IsValid=true, Min=(X=-1638400.000 Y=-1638400.000 Z=-1638400.000), Max=(X=1638400.000 Y=1638400.000 Z=1638400.000) RuntimeGrid:None EditorOnly:0 RuntimeOnly:0 HLODRelevant:1 ListedInSceneOutliner:1 IsMainWorldOnly:0 FolderPath:Lighting FolderGuid:963EC3EB4002CCE9759E2EBA541A873A
 |   |   |- [+] [ 44]
 |   |   |   |- Guid:EDAA34A64E50B17535C2EB826C12557D BaseClass: NativeClass:/Script/Engine.StaticMeshActor Name:StaticMeshActor_9 Label:SM_Ramp2 SpatiallyLoaded:1 Bounds:IsValid=true, Min=(X=1400.000 Y=1500.000 Z=0.000), Max=(X=1800.000 Y=1700.000 Z=100.000) RuntimeGrid:None EditorOnly:0 RuntimeOnly:0 HLODRelevant:1 ListedInSceneOutliner:1 IsMainWorldOnly:0 FolderPath:Block01 FolderGuid:7D23E5AE4C2A421F86AF6986D87E6D05
 |   |   |- [+] [ 45]
 |   |   |   |- Guid:F1924B8D48954B30891B2DB6A694F9CC BaseClass: NativeClass:/Script/Engine.StaticMeshActor Name:StaticMeshActor_1 Label:SM_Cube SpatiallyLoaded:1 Bounds:IsValid=true, Min=(X=0.000 Y=0.000 Z=-50.000), Max=(X=3000.000 Y=3500.000 Z=0.000) RuntimeGrid:None EditorOnly:0 RuntimeOnly:0 HLODRelevant:1 ListedInSceneOutliner:1 IsMainWorldOnly:0 FolderPath:Playground FolderGuid:C73F09FC4215536B1DCE2A9E0A830C70
 |   |   |- [+] [ 46]
 |   |   |   |- Guid:F4AAA1CA4D204EB96E54F5BD1EB46A62 BaseClass: NativeClass:/Script/Engine.StaticMeshActor Name:StaticMeshActor_7 Label:SM_Cube7 SpatiallyLoaded:1 Bounds:IsValid=true, Min=(X=1300.000 Y=2200.000 Z=0.000), Max=(X=1500.000 Y=2300.000 Z=200.000) RuntimeGrid:None EditorOnly:0 RuntimeOnly:0 HLODRelevant:1 ListedInSceneOutliner:1 IsMainWorldOnly:0 FolderPath:Block01 FolderGuid:7D23E5AE4C2A421F86AF6986D87E6D05
 |   |   |- [+] [ 47]
 |   |   |   |- Guid:F5E3FEB3450C49844FD93DA8E083C8AD BaseClass: NativeClass:/Script/Engine.PostProcessVolume Name:PostProcessVolume_0 Label:PostProcessVolume SpatiallyLoaded:0 Bounds:IsValid=true, Min=(X=0.000 Y=0.000 Z=400.000), Max=(X=200.000 Y=200.000 Z=600.000) RuntimeGrid:None EditorOnly:0 RuntimeOnly:0 HLODRelevant:0 ListedInSceneOutliner:1 IsMainWorldOnly:0 FolderPath:Lighting FolderGuid:963EC3EB4002CCE9759E2EBA541A873A
 |   |   |- [+] [ 48]
 |   |   |   |- Guid:F703AD214DE20FBE9DA411817BF79E0A BaseClass: NativeClass:/Script/Engine.StaticMeshActor Name:StaticMeshActor_21 Label:SM_QuarterCylinder3 SpatiallyLoaded:1 Bounds:IsValid=true, Min=(X=1500.000 Y=2200.000 Z=0.000), Max=(X=1600.000 Y=2300.000 Z=200.000) RuntimeGrid:None EditorOnly:0 RuntimeOnly:0 HLODRelevant:1 ListedInSceneOutliner:1 IsMainWorldOnly:0 FolderPath:Block01 FolderGuid:7D23E5AE4C2A421F86AF6986D87E6D05
 |   |   |- [+] [ 49]
 |   |   |   |- Guid:FCBE21384E41C88B8CE2E8A38F87AC52 BaseClass:/Game/ThirdPerson/Blueprints/BP_Collectable.BP_Collectable_C NativeClass:/Script/Engine.Actor Name:BP_Collectable_C_UAID_A8A15972FD61BA2302_1600724192 Label:BP_Collectable SpatiallyLoaded:1 Bounds:IsValid=true, Min=(X=469.239 Y=2716.000 Z=219.239), Max=(X=530.761 Y=2764.000 Z=280.761) RuntimeGrid:None EditorOnly:0 RuntimeOnly:0 HLODRelevant:0 ListedInSceneOutliner:1 IsMainWorldOnly:0
 |   |   |- [+] [ 50]
 |   |   |   |- Guid:FF698C67459ADB4982D7759C0905EE9F BaseClass: NativeClass:/Script/Engine.StaticMeshActor Name:StaticMeshActor_6 Label:SM_Cube3 SpatiallyLoaded:1 Bounds:IsValid=true, Min=(X=0.000 Y=3400.000 Z=0.000), Max=(X=3000.000 Y=3500.000 Z=400.000) RuntimeGrid:None EditorOnly:0 RuntimeOnly:0 HLODRelevant:1 ListedInSceneOutliner:1 IsMainWorldOnly:0 FolderPath:Playground FolderGuid:C73F09FC4215536B1DCE2A9E0A830C70
 |- ContainerInstances:
 |- [+] MainContainer:
 |   |-        ID: 00000000000000000000000000000000
 |   |-  ParentID: 00000000000000000000000000000000
 |   |-    Bounds: IsValid=false, Min=(X=0.000 Y=0.000 Z=0.000), Max=(X=0.000 Y=0.000 Z=0.000)
 |   |- Transform: 0.000000,0.000000,0.000000|0.000000,0.000000,-0.000000|1.000000,1.000000,1.000000
 |   |- Container: /Game/ThirdPerson/Maps/ThirdPersonMap
----------------------------------------------------------------------------------------------------------------
ThirdPersonMap - Persistent Level
----------------------------------------------------------------------------------------------------------------
[+] Content of ThirdPersonMap Persistent Level
 |- Always loaded Actor Count: 58 
 |- Actor Path: /Game/ThirdPerson/Maps/ThirdPersonMap.ThirdPersonMap:PersistentLevel.AbstractNavData-Default
 |- Actor Package: /Game/ThirdPerson/Maps/ThirdPersonMap
 |- Actor Path: /Game/ThirdPerson/Maps/ThirdPersonMap.ThirdPersonMap:PersistentLevel.BP_Collectable_C_UAID_A8A15972FD61BA2302_1600724192
 |- Actor Package: /Game/__ExternalActors__/ThirdPerson/Maps/ThirdPersonMap/C/CL/O0C6B3F5GZXN6BOGRZRRHF
 |- Actor Path: /Game/ThirdPerson/Maps/ThirdPersonMap.ThirdPersonMap:PersistentLevel.BP_Collectable_C_UAID_A8A15972FD61BB2302_1350328369
 |- Actor Package: /Game/__ExternalActors__/ThirdPerson/Maps/ThirdPersonMap/6/8O/02WJTSTHH5P3XOF228I2RR
 |- Actor Path: /Game/ThirdPerson/Maps/ThirdPersonMap.ThirdPersonMap:PersistentLevel.BP_MovingPlat_C_UAID_A8A15972FD61BB2302_2138786383
 |- Actor Package: /Game/__ExternalActors__/ThirdPerson/Maps/ThirdPersonMap/3/HT/UMU3ICQ3GKDI1KNJE4YSQA
 |- Actor Path: /Game/ThirdPerson/Maps/ThirdPersonMap.ThirdPersonMap:PersistentLevel.BP_MovingPlat_C_UAID_A8A15972FD61BC2302_1570322562
 |- Actor Package: /Game/__ExternalActors__/ThirdPerson/Maps/ThirdPersonMap/5/90/KUD78HPK88Q8BIX0DXWDDN
 |- Actor Path: /Game/ThirdPerson/Maps/ThirdPersonMap.ThirdPersonMap:PersistentLevel.Brush_0
 |- Actor Package: /Game/ThirdPerson/Maps/ThirdPersonMap
 |- Actor Path: /Game/ThirdPerson/Maps/ThirdPersonMap.ThirdPersonMap:PersistentLevel.DefaultPhysicsVolume_0
 |- Actor Package: /Game/ThirdPerson/Maps/ThirdPersonMap
 |- Actor Path: /Game/ThirdPerson/Maps/ThirdPersonMap.ThirdPersonMap:PersistentLevel.DirectionalLight_0
 |- Actor Package: /Game/__ExternalActors__/ThirdPerson/Maps/ThirdPersonMap/5/R1/TS5OQ5CRUWFZYL1ZQ7I416
 |- Actor Path: /Game/ThirdPerson/Maps/ThirdPersonMap.ThirdPersonMap:PersistentLevel.ExponentialHeightFog_0
 |- Actor Package: /Game/__ExternalActors__/ThirdPerson/Maps/ThirdPersonMap/6/J7/N10XDC9G27EMLS5AGZ6AVV
 |- Actor Path: /Game/ThirdPerson/Maps/ThirdPersonMap.ThirdPersonMap:PersistentLevel.GameplayDebuggerPlayerManager_0
 |- Actor Package: /Game/ThirdPerson/Maps/ThirdPersonMap
 |- Actor Path: /Game/ThirdPerson/Maps/ThirdPersonMap.ThirdPersonMap:PersistentLevel.PlayerStart_0
 |- Actor Package: /Game/__ExternalActors__/ThirdPerson/Maps/ThirdPersonMap/D/DE/SWSI13675DVYIZ0N4NF7Y3
 |- Actor Path: /Game/ThirdPerson/Maps/ThirdPersonMap.ThirdPersonMap:PersistentLevel.PostProcessVolume_0
 |- Actor Package: /Game/__ExternalActors__/ThirdPerson/Maps/ThirdPersonMap/1/AZ/A7GPT109Y6ZTTJD4A7TXER
 |- Actor Path: /Game/ThirdPerson/Maps/ThirdPersonMap.ThirdPersonMap:PersistentLevel.SkyAtmosphere_0
 |- Actor Package: /Game/__ExternalActors__/ThirdPerson/Maps/ThirdPersonMap/4/LN/30UBDLYFFA5ZR7U4W4L4GG
 |- Actor Path: /Game/ThirdPerson/Maps/ThirdPersonMap.ThirdPersonMap:PersistentLevel.SkyLight_1
 |- Actor Package: /Game/__ExternalActors__/ThirdPerson/Maps/ThirdPersonMap/8/S1/DXUWD12MD3HRWVVXX076BY
 |- Actor Path: /Game/ThirdPerson/Maps/ThirdPersonMap.ThirdPersonMap:PersistentLevel.StaticMeshActor_0
 |- Actor Package: /Game/__ExternalActors__/ThirdPerson/Maps/ThirdPersonMap/A/MS/MRHJREJ6H7USQYWF1KO8F6
 |- Actor Path: /Game/ThirdPerson/Maps/ThirdPersonMap.ThirdPersonMap:PersistentLevel.StaticMeshActor_1
 |- Actor Package: /Game/__ExternalActors__/ThirdPerson/Maps/ThirdPersonMap/6/YO/NG2R9BPZVA7ZDN0Z4VSTG6
 |- Actor Path: /Game/ThirdPerson/Maps/ThirdPersonMap.ThirdPersonMap:PersistentLevel.StaticMeshActor_3
 |- Actor Package: /Game/__ExternalActors__/ThirdPerson/Maps/ThirdPersonMap/6/IR/OTJMGDDXDV5TI7982YKZ5P
 |- Actor Path: /Game/ThirdPerson/Maps/ThirdPersonMap.ThirdPersonMap:PersistentLevel.StaticMeshActor_4
 |- Actor Package: /Game/__ExternalActors__/ThirdPerson/Maps/ThirdPersonMap/5/9Q/U98KGKQ41NJYFOGFQM8ZDY
 |- Actor Path: /Game/ThirdPerson/Maps/ThirdPersonMap.ThirdPersonMap:PersistentLevel.StaticMeshActor_5
 |- Actor Package: /Game/__ExternalActors__/ThirdPerson/Maps/ThirdPersonMap/C/QF/BY1DA5CRGQSAMOTK8RA8KR
 |- Actor Path: /Game/ThirdPerson/Maps/ThirdPersonMap.ThirdPersonMap:PersistentLevel.StaticMeshActor_6
 |- Actor Package: /Game/__ExternalActors__/ThirdPerson/Maps/ThirdPersonMap/D/0G/JNKFA4X9LRMSF343ESPF6Q
 |- Actor Path: /Game/ThirdPerson/Maps/ThirdPersonMap.ThirdPersonMap:PersistentLevel.StaticMeshActor_7
 |- Actor Package: /Game/__ExternalActors__/ThirdPerson/Maps/ThirdPersonMap/D/3V/NMHOKL5LGQDOAAG00FUMZR
 |- Actor Path: /Game/ThirdPerson/Maps/ThirdPersonMap.ThirdPersonMap:PersistentLevel.StaticMeshActor_8
 |- Actor Package: /Game/__ExternalActors__/ThirdPerson/Maps/ThirdPersonMap/A/16/Q7Y1URWWFS0TXGWUTO3S61
 |- Actor Path: /Game/ThirdPerson/Maps/ThirdPersonMap.ThirdPersonMap:PersistentLevel.StaticMeshActor_9
 |- Actor Package: /Game/__ExternalActors__/ThirdPerson/Maps/ThirdPersonMap/8/3J/6B9RJI3FDPCETRKXUXCQ4C
 |- Actor Path: /Game/ThirdPerson/Maps/ThirdPersonMap.ThirdPersonMap:PersistentLevel.StaticMeshActor_12
 |- Actor Package: /Game/__ExternalActors__/ThirdPerson/Maps/ThirdPersonMap/9/U7/H8YL2PPHZPBTI74SUD0RNL
 |- Actor Path: /Game/ThirdPerson/Maps/ThirdPersonMap.ThirdPersonMap:PersistentLevel.StaticMeshActor_13
 |- Actor Package: /Game/__ExternalActors__/ThirdPerson/Maps/ThirdPersonMap/B/EA/9BWDWCNL7OZT2HTML9LK1Y
 |- Actor Path: /Game/ThirdPerson/Maps/ThirdPersonMap.ThirdPersonMap:PersistentLevel.StaticMeshActor_14
 |- Actor Package: /Game/__ExternalActors__/ThirdPerson/Maps/ThirdPersonMap/5/11/IM858T68EBXCBX1T2FNR96
 |- Actor Path: /Game/ThirdPerson/Maps/ThirdPersonMap.ThirdPersonMap:PersistentLevel.StaticMeshActor_15
 |- Actor Package: /Game/__ExternalActors__/ThirdPerson/Maps/ThirdPersonMap/4/60/5PI42YRDC8HSSG6BVV2GRR
 |- Actor Path: /Game/ThirdPerson/Maps/ThirdPersonMap.ThirdPersonMap:PersistentLevel.StaticMeshActor_16
 |- Actor Package: /Game/__ExternalActors__/ThirdPerson/Maps/ThirdPersonMap/B/4D/BBOCKSZY1GVHTFRX0PR0O8
 |- Actor Path: /Game/ThirdPerson/Maps/ThirdPersonMap.ThirdPersonMap:PersistentLevel.StaticMeshActor_18
 |- Actor Package: /Game/__ExternalActors__/ThirdPerson/Maps/ThirdPersonMap/0/FG/C9C8NKPQ680JETAE5ROTT1
 |- Actor Path: /Game/ThirdPerson/Maps/ThirdPersonMap.ThirdPersonMap:PersistentLevel.StaticMeshActor_19
 |- Actor Package: /Game/__ExternalActors__/ThirdPerson/Maps/ThirdPersonMap/5/QO/CO9MG7REJF8N8AQFYRCI06
 |- Actor Path: /Game/ThirdPerson/Maps/ThirdPersonMap.ThirdPersonMap:PersistentLevel.StaticMeshActor_20
 |- Actor Package: /Game/__ExternalActors__/ThirdPerson/Maps/ThirdPersonMap/C/YT/CQR16QFDKKEYP53M51TV4F
 |- Actor Path: /Game/ThirdPerson/Maps/ThirdPersonMap.ThirdPersonMap:PersistentLevel.StaticMeshActor_21
 |- Actor Package: /Game/__ExternalActors__/ThirdPerson/Maps/ThirdPersonMap/B/FB/8RB55FM1HBEUVO4IOQC4YN
 |- Actor Path: /Game/ThirdPerson/Maps/ThirdPersonMap.ThirdPersonMap:PersistentLevel.StaticMeshActor_22
 |- Actor Package: /Game/__ExternalActors__/ThirdPerson/Maps/ThirdPersonMap/6/CZ/K2YM0JIRZ78IHGM8W2QBAF
 |- Actor Path: /Game/ThirdPerson/Maps/ThirdPersonMap.ThirdPersonMap:PersistentLevel.StaticMeshActor_23
 |- Actor Package: /Game/__ExternalActors__/ThirdPerson/Maps/ThirdPersonMap/A/17/6LXV4Y6DE3LUT705XNU4DZ
 |- Actor Path: /Game/ThirdPerson/Maps/ThirdPersonMap.ThirdPersonMap:PersistentLevel.StaticMeshActor_24
 |- Actor Package: /Game/__ExternalActors__/ThirdPerson/Maps/ThirdPersonMap/3/M3/7JQC72ZY37QM4IT43WD5CW
 |- Actor Path: /Game/ThirdPerson/Maps/ThirdPersonMap.ThirdPersonMap:PersistentLevel.StaticMeshActor_25
 |- Actor Package: /Game/__ExternalActors__/ThirdPerson/Maps/ThirdPersonMap/6/XB/9VVR39MG0K7W5GQIEFE7SO
 |- Actor Path: /Game/ThirdPerson/Maps/ThirdPersonMap.ThirdPersonMap:PersistentLevel.StaticMeshActor_32
 |- Actor Package: /Game/__ExternalActors__/ThirdPerson/Maps/ThirdPersonMap/B/8K/1IKKDYS7RULH8FRYRPPF04
 |- Actor Path: /Game/ThirdPerson/Maps/ThirdPersonMap.ThirdPersonMap:PersistentLevel.StaticMeshActor_33
 |- Actor Package: /Game/__ExternalActors__/ThirdPerson/Maps/ThirdPersonMap/6/HF/9H7TKAXH9DD8KI3TIXGI2I
 |- Actor Path: /Game/ThirdPerson/Maps/ThirdPersonMap.ThirdPersonMap:PersistentLevel.StaticMeshActor_34
 |- Actor Package: /Game/__ExternalActors__/ThirdPerson/Maps/ThirdPersonMap/3/P3/O43ETCZTFMLWWH1CJ941H2
 |- Actor Path: /Game/ThirdPerson/Maps/ThirdPersonMap.ThirdPersonMap:PersistentLevel.StaticMeshActor_35
 |- Actor Package: /Game/__ExternalActors__/ThirdPerson/Maps/ThirdPersonMap/6/NC/UUYHDUFQAXTRRN4RVOPIUF
 |- Actor Path: /Game/ThirdPerson/Maps/ThirdPersonMap.ThirdPersonMap:PersistentLevel.StaticMeshActor_UAID_A4AE111137DC5EFB00_1110535423
 |- Actor Package: /Game/__ExternalActors__/ThirdPerson/Maps/ThirdPersonMap/4/PN/2QISIGK5DJNQ05US8O8FXW
 |- Actor Path: /Game/ThirdPerson/Maps/ThirdPersonMap.ThirdPersonMap:PersistentLevel.StaticMeshActor_UAID_A8A15972FD61BB2302_1419445370
 |- Actor Package: /Game/__ExternalActors__/ThirdPerson/Maps/ThirdPersonMap/B/TE/QU5HCCNT8FGTJ072AMRKJ1
 |- Actor Path: /Game/ThirdPerson/Maps/ThirdPersonMap.ThirdPersonMap:PersistentLevel.StaticMeshActor_UAID_A8A15972FD61BB2302_1451425371
 |- Actor Package: /Game/__ExternalActors__/ThirdPerson/Maps/ThirdPersonMap/3/W7/ZJSHLR47GUA1ESJ3K7GW20
 |- Actor Path: /Game/ThirdPerson/Maps/ThirdPersonMap.ThirdPersonMap:PersistentLevel.StaticMeshActor_UAID_A8A15972FD61BB2302_1466633372
 |- Actor Package: /Game/__ExternalActors__/ThirdPerson/Maps/ThirdPersonMap/9/4Y/1ZA21Q4W8OFSY3B1UCRJGR
 |- Actor Path: /Game/ThirdPerson/Maps/ThirdPersonMap.ThirdPersonMap:PersistentLevel.StaticMeshActor_UAID_A8A15972FD61BB2302_1521730373
 |- Actor Package: /Game/__ExternalActors__/ThirdPerson/Maps/ThirdPersonMap/E/5P/XRDXF1H1WAMQF6Q5BXTH17
 |- Actor Path: /Game/ThirdPerson/Maps/ThirdPersonMap.ThirdPersonMap:PersistentLevel.StaticMeshActor_UAID_A8A15972FD61BB2302_1521731374
 |- Actor Package: /Game/__ExternalActors__/ThirdPerson/Maps/ThirdPersonMap/6/2W/S2LT4Z5BP51O2N3M0ZNKS5
 |- Actor Path: /Game/ThirdPerson/Maps/ThirdPersonMap.ThirdPersonMap:PersistentLevel.StaticMeshActor_UAID_A8A15972FD61BB2302_1521732375
 |- Actor Package: /Game/__ExternalActors__/ThirdPerson/Maps/ThirdPersonMap/A/J7/7FRWVI2OB0K348KNNJAHLZ
 |- Actor Path: /Game/ThirdPerson/Maps/ThirdPersonMap.ThirdPersonMap:PersistentLevel.StaticMeshActor_UAID_A8A15972FD61BB2302_1521733376
 |- Actor Package: /Game/__ExternalActors__/ThirdPerson/Maps/ThirdPersonMap/2/PH/CC7ZPFB761H646WGZSKP62
 |- Actor Path: /Game/ThirdPerson/Maps/ThirdPersonMap.ThirdPersonMap:PersistentLevel.StaticMeshActor_UAID_A8A15972FD61BB2302_1521733377
 |- Actor Package: /Game/__ExternalActors__/ThirdPerson/Maps/ThirdPersonMap/0/JU/K90KPFRL23F56R4NO301PG
 |- Actor Path: /Game/ThirdPerson/Maps/ThirdPersonMap.ThirdPersonMap:PersistentLevel.StaticMeshActor_UAID_A8A15972FD61BB2302_1521734378
 |- Actor Package: /Game/__ExternalActors__/ThirdPerson/Maps/ThirdPersonMap/5/41/H8UEP1VME4OR8LYN837IVT
 |- Actor Path: /Game/ThirdPerson/Maps/ThirdPersonMap.ThirdPersonMap:PersistentLevel.StaticMeshActor_UAID_A8A15972FD61BB2302_1521735379
 |- Actor Package: /Game/__ExternalActors__/ThirdPerson/Maps/ThirdPersonMap/6/4D/8NVQ0WQ7IV63X3WE28Y1Z5
 |- Actor Path: /Game/ThirdPerson/Maps/ThirdPersonMap.ThirdPersonMap:PersistentLevel.StaticMeshActor_UAID_A8A15972FD61BB2302_1673773380
 |- Actor Package: /Game/__ExternalActors__/ThirdPerson/Maps/ThirdPersonMap/8/2D/HRCX8RXKTPCQ00VPELYHHV
 |- Actor Path: /Game/ThirdPerson/Maps/ThirdPersonMap.ThirdPersonMap:PersistentLevel.TextRenderActor_1
 |- Actor Package: /Game/__ExternalActors__/ThirdPerson/Maps/ThirdPersonMap/1/WU/NB37RT5Q32Z8MJWD8BD2SO
 |- Actor Path: /Game/ThirdPerson/Maps/ThirdPersonMap.ThirdPersonMap:PersistentLevel.ThirdPersonExampleMap_C_0
 |- Actor Package: /Game/ThirdPerson/Maps/ThirdPersonMap
 |- Actor Path: /Game/ThirdPerson/Maps/ThirdPersonMap.ThirdPersonMap:PersistentLevel.VolumetricCloud_0
 |- Actor Package: /Game/__ExternalActors__/ThirdPerson/Maps/ThirdPersonMap/3/EY/87SHEJN5UBEAN2K5OV1G6R
 |- Actor Path: /Game/ThirdPerson/Maps/ThirdPersonMap.ThirdPersonMap:PersistentLevel.WorldDataLayers
 |- Actor Package: /Game/__ExternalActors__/ThirdPerson/Maps/ThirdPersonMap/0/43/HYQWORMY4JDQ5X3OKZXFLC
 |- Actor Path: /Game/ThirdPerson/Maps/ThirdPersonMap.ThirdPersonMap:PersistentLevel.WorldInfo_0
 |- Actor Package: /Game/ThirdPerson/Maps/ThirdPersonMap
 |- Actor Path: /Game/ThirdPerson/Maps/ThirdPersonMap.ThirdPersonMap:PersistentLevel.WorldPartitionMiniMap_0
 |- Actor Package: /Game/__ExternalActors__/ThirdPerson/Maps/ThirdPersonMap/E/FR/LBG6LPN5JCL3FMVSI2CK6R

----------------------------------------------------------------------------------------------------------------
ThirdPersonMap - Runtime Spatial Hash - Streaming Grid - MainGrid
----------------------------------------------------------------------------------------------------------------
            Origin: X=0.000 Y=0.000 Z=0.000
         Cell Size: 12800
      World Bounds: IsValid=false, Min=(X=0.000 Y=0.000 Z=0.000), Max=(X=0.000 Y=0.000 Z=0.000)
     Loading Range: 25600.00
Block Slow Loading: No
 ClientOnlyVisible: No
            Origin: X=0.000 Y=0.000 Z=0.000

[+] Grid Levels: 1
 |- Level  0: Cell Count    0 | Cell Size   12800 | Actor Count    0 (0.0%)

[+] Content of Grid Level 0

