[+] Containers:
 |- [+] Container: /Game/DevelopmentLevels/JamesDevLevel
 |   |- [+] ActorDescs:
 |   |   |- Guid:07C017FC414689DC684B59934E3C9888 BaseClass: NativeClass:/Script/Engine.StaticMeshActor Name:StaticMeshActor_UAID_D8BBC13EB4DF052402_1436440399 Label:Cylinder3 SpatiallyLoaded:1 Bounds:IsValid=true, Min=(X=-14400.000 Y=-1000.000 Z=0.000), Max=(X=-4400.000 Y=9000.000 Z=100.000) RuntimeGrid:None EditorOnly:0 RuntimeOnly:0 HLODRelevant:1 ListedInSceneOutliner:1 IsMainWorldOnly:0
 |   |   |- Guid:08D0EE504612750FC6F22BAB38BF38B7 BaseClass: NativeClass:/Script/Engine.StaticMeshActor Name:StaticMeshActor_UAID_D8BBC13EB4DF052402_1362339398 Label:Cylinder2 SpatiallyLoaded:1 Bounds:IsValid=true, Min=(X=-1000.000 Y=4000.000 Z=0.000), Max=(X=9000.000 Y=14000.000 Z=100.000) RuntimeGrid:None EditorOnly:0 RuntimeOnly:0 HLODRelevant:1 ListedInSceneOutliner:1 IsMainWorldOnly:0
 |   |   |- Guid:0EBC9E9640C7CD7CBF2716A1E8DDBC85 BaseClass: NativeClass:/Script/Engine.StaticMeshActor Name:StaticMeshActor_UAID_3C7C3FF43385A52402_1816243564 Label:SM_Cube13 SpatiallyLoaded:1 Bounds:IsValid=true, Min=(X=-6924.210 Y=5829.108 Z=1590.000), Max=(X=-6364.540 Y=6358.894 Z=1690.407) RuntimeGrid:None EditorOnly:0 RuntimeOnly:0 HLODRelevant:1 ListedInSceneOutliner:1 IsMainWorldOnly:0 FolderPath:ParkourCourse FolderGuid:599E33E8434CBA6E6E2743B040DA9EF6
 |   |   |- Guid:186396484792D8F433E117A3688A3E71 BaseClass: NativeClass:/Script/Engine.StaticMeshActor Name:StaticMeshActor_UAID_3C7C3FF43385A52402_1755512557 Label:SM_Cube6 SpatiallyLoaded:1 Bounds:IsValid=true, Min=(X=-1419.211 Y=6851.832 Z=1590.000), Max=(X=-859.541 Y=7381.618 Z=1690.407) RuntimeGrid:None EditorOnly:0 RuntimeOnly:0 HLODRelevant:1 ListedInSceneOutliner:1 IsMainWorldOnly:0 FolderPath:ParkourCourse FolderGuid:599E33E8434CBA6E6E2743B040DA9EF6
 |   |   |- Guid:2340BC8D42CBE425191CC3B4A337BEA2 BaseClass: NativeClass:/Script/Engine.SkyAtmosphere Name:SkyAtmosphere_0 Label:SkyAtmosphere SpatiallyLoaded:0 Bounds:IsValid=true, Min=(X=0.000 Y=0.000 Z=1020.000), Max=(X=0.000 Y=0.000 Z=1020.000) RuntimeGrid:None EditorOnly:0 RuntimeOnly:0 HLODRelevant:0 ListedInSceneOutliner:1 IsMainWorldOnly:0 FolderPath:Lighting FolderGuid:963EC3EB4002CCE9759E2EBA541A873A
 |   |   |- Guid:258DA6F24D9740586B579FBD71CF810A BaseClass: NativeClass:/Script/Engine.WorldDataLayers Name:WorldDataLayers Label:WorldDataLayers SpatiallyLoaded:0 Bounds:Invalid RuntimeGrid:None EditorOnly:0 RuntimeOnly:0 HLODRelevant:0 ListedInSceneOutliner:1 IsMainWorldOnly:1
 |   |   |- Guid:2B4968D848CFC77A76004AA1BD78A283 BaseClass: NativeClass:/Script/Engine.ExponentialHeightFog Name:ExponentialHeightFog_0 Label:ExponentialHeightFog SpatiallyLoaded:0 Bounds:IsValid=true, Min=(X=-5600.000 Y=-50.000 Z=-6850.000), Max=(X=-5600.000 Y=-50.000 Z=-6850.000) RuntimeGrid:None EditorOnly:0 RuntimeOnly:0 HLODRelevant:0 ListedInSceneOutliner:1 IsMainWorldOnly:0 FolderPath:Lighting FolderGuid:963EC3EB4002CCE9759E2EBA541A873A
 |   |   |- Guid:3BA12FDA482461EE0629F78735BFEB63 BaseClass: NativeClass:/Script/Engine.StaticMeshActor Name:StaticMeshActor_UAID_3C7C3FF43385A52402_1785322560 Label:SM_Cube9 SpatiallyLoaded:1 Bounds:IsValid=true, Min=(X=-3789.032 Y=6426.392 Z=1590.000), Max=(X=-3229.362 Y=6956.178 Z=1690.407) RuntimeGrid:None EditorOnly:0 RuntimeOnly:0 HLODRelevant:1 ListedInSceneOutliner:1 IsMainWorldOnly:0 FolderPath:ParkourCourse FolderGuid:599E33E8434CBA6E6E2743B040DA9EF6
 |   |   |- Guid:4494B3474DBD4DE5DCA4C98045B1B7C3 BaseClass: NativeClass:/Script/Engine.StaticMeshActor Name:StaticMeshActor_UAID_D8BBC13EB4DF052402_1354144397 Label:Torus2 SpatiallyLoaded:1 Bounds:IsValid=true, Min=(X=1450.000 Y=6450.000 Z=50.000), Max=(X=6550.000 Y=11550.000 Z=150.000) RuntimeGrid:None EditorOnly:0 RuntimeOnly:0 HLODRelevant:1 ListedInSceneOutliner:1 IsMainWorldOnly:0
 |   |   |- Guid:45D15D1B462D6529F82D548775AE96B6 BaseClass: NativeClass:/Script/Engine.StaticMeshActor Name:StaticMeshActor_UAID_3C7C3FF43385A52402_1740296555 Label:SM_Cube4 SpatiallyLoaded:1 Bounds:IsValid=true, Min=(X=67.015 Y=7392.774 Z=1590.000), Max=(X=626.684 Y=7922.560 Z=1690.407) RuntimeGrid:None EditorOnly:0 RuntimeOnly:0 HLODRelevant:1 ListedInSceneOutliner:1 IsMainWorldOnly:0 FolderPath:ParkourCourse FolderGuid:599E33E8434CBA6E6E2743B040DA9EF6
 |   |   |- Guid:511D8A3741E648AEFD3659BB932C42F8 BaseClass:/Game/Collectibles/CurrencyCollectible.CurrencyCollectible_C NativeClass:/Script/Engine.Actor Name:CurrencyCollectible_C_UAID_3C7C3FF43385A82402_1757595084 Label:CurrencyCollectible5 SpatiallyLoaded:1 Bounds:IsValid=true, Min=(X=-4748.701 Y=5341.140 Z=1690.407), Max=(X=-4648.701 Y=5441.140 Z=1790.407) RuntimeGrid:None EditorOnly:0 RuntimeOnly:0 HLODRelevant:0 ListedInSceneOutliner:1 IsMainWorldOnly:0 FolderPath:Collectables FolderGuid:2A099E784487E7AAEAD92E92F04C5D94
 |   |   |- Guid:5E657CC5469EFD3E073EFA851EFDA56E BaseClass: NativeClass:/Script/Engine.SkyLight Name:SkyLight_1 Label:SkyLight SpatiallyLoaded:0 Bounds:IsValid=true, Min=(X=0.000 Y=0.000 Z=690.000), Max=(X=0.000 Y=0.000 Z=690.000) RuntimeGrid:None EditorOnly:0 RuntimeOnly:0 HLODRelevant:0 ListedInSceneOutliner:1 IsMainWorldOnly:0 FolderPath:Lighting FolderGuid:963EC3EB4002CCE9759E2EBA541A873A
 |   |   |- Guid:61A413BF414C3119E4327AB190F3446B BaseClass:/Game/Mechanics/WallClimbing/BP_ClimbableWall.BP_ClimbableWall_C NativeClass:/Script/Engine.Actor Name:BP_ClimbableWall_C_UAID_3C7C3FF43385A52402_1522915551 Label:BP_ClimbableWall SpatiallyLoaded:1 Bounds:IsValid=true, Min=(X=1954.231 Y=8069.417 Z=90.000), Max=(X=2185.008 Y=8479.496 Z=1690.000) RuntimeGrid:None EditorOnly:0 RuntimeOnly:0 HLODRelevant:0 ListedInSceneOutliner:1 IsMainWorldOnly:0 FolderPath:ParkourCourse FolderGuid:599E33E8434CBA6E6E2743B040DA9EF6
 |   |   |- Guid:6A31C5D14B884CACA6B299BD285F52B7 BaseClass: NativeClass:/Script/Engine.StaticMeshActor Name:StaticMeshActor_UAID_3C7C3FF43385A52402_1799281563 Label:SM_Cube12 SpatiallyLoaded:1 Bounds:IsValid=true, Min=(X=-4987.665 Y=5132.807 Z=1590.000), Max=(X=-4427.995 Y=5662.593 Z=1690.407) RuntimeGrid:None EditorOnly:0 RuntimeOnly:0 HLODRelevant:1 ListedInSceneOutliner:1 IsMainWorldOnly:0 FolderPath:ParkourCourse FolderGuid:599E33E8434CBA6E6E2743B040DA9EF6
 |   |   |- Guid:84F9A2C04480547E2C7640B789DF6F63 BaseClass:/Game/Collectibles/CurrencyCollectible.CurrencyCollectible_C NativeClass:/Script/Engine.Actor Name:CurrencyCollectible_C_UAID_3C7C3FF43385A82402_1752626083 Label:CurrencyCollectible4 SpatiallyLoaded:1 Bounds:IsValid=true, Min=(X=-2276.180 Y=7679.341 Z=1690.407), Max=(X=-2176.180 Y=7779.341 Z=1790.407) RuntimeGrid:None EditorOnly:0 RuntimeOnly:0 HLODRelevant:0 ListedInSceneOutliner:1 IsMainWorldOnly:0 FolderPath:Collectables FolderGuid:2A099E784487E7AAEAD92E92F04C5D94
 |   |   |- Guid:88A586764B3DA9700A6B7BAF4DB8E9C1 BaseClass: NativeClass:/Script/Engine.DirectionalLight Name:DirectionalLight_0 Label:DirectionalLight SpatiallyLoaded:0 Bounds:IsValid=true, Min=(X=-4398046511104.000 Y=-4398046511104.000 Z=-4398046511104.000), Max=(X=4398046511104.000 Y=4398046511104.000 Z=4398046511104.000) RuntimeGrid:None EditorOnly:0 RuntimeOnly:0 HLODRelevant:0 ListedInSceneOutliner:1 IsMainWorldOnly:0 FolderPath:Lighting FolderGuid:963EC3EB4002CCE9759E2EBA541A873A
 |   |   |- Guid:8B3A0EF847C0C969A8FBF99605C15CFA BaseClass: NativeClass:/Script/Engine.StaticMeshActor Name:StaticMeshActor_UAID_3C7C3FF43385A52402_1771255559 Label:SM_Cube8 SpatiallyLoaded:1 Bounds:IsValid=true, Min=(X=-2904.833 Y=6317.477 Z=1590.000), Max=(X=-2345.163 Y=6847.263 Z=1690.407) RuntimeGrid:None EditorOnly:0 RuntimeOnly:0 HLODRelevant:1 ListedInSceneOutliner:1 IsMainWorldOnly:0 FolderPath:ParkourCourse FolderGuid:599E33E8434CBA6E6E2743B040DA9EF6
 |   |   |- Guid:91CB0A5F481FDDF0BC8479850B6168EE BaseClass:/Game/Collectibles/CurrencyCollectible.CurrencyCollectible_C NativeClass:/Script/Engine.Actor Name:CurrencyCollectible_C_UAID_3C7C3FF43385A82402_1741353081 Label:CurrencyCollectible3 SpatiallyLoaded:1 Bounds:IsValid=true, Min=(X=1126.725 Y=7518.290 Z=1690.407), Max=(X=1226.725 Y=7618.290 Z=1790.407) RuntimeGrid:None EditorOnly:0 RuntimeOnly:0 HLODRelevant:0 ListedInSceneOutliner:1 IsMainWorldOnly:0 FolderPath:Collectables FolderGuid:2A099E784487E7AAEAD92E92F04C5D94
 |   |   |- Guid:9A9F8D5C4AD8C8B008B747934D563864 BaseClass: NativeClass:/Script/Engine.StaticMeshActor Name:StaticMeshActor_UAID_D8BBC13EB4DF052402_1446605400 Label:Torus3 SpatiallyLoaded:1 Bounds:IsValid=true, Min=(X=-11950.000 Y=1450.000 Z=50.000), Max=(X=-6850.000 Y=6550.000 Z=150.000) RuntimeGrid:None EditorOnly:0 RuntimeOnly:0 HLODRelevant:1 ListedInSceneOutliner:1 IsMainWorldOnly:0
 |   |   |- Guid:9F9E7DDB4C112385A2698B8D4C951F72 BaseClass:/Game/Collectibles/CurrencyCollectible.CurrencyCollectible_C NativeClass:/Script/Engine.Actor Name:CurrencyCollectible_C_UAID_3C7C3FF43385A82402_1739439080 Label:CurrencyCollectible2 SpatiallyLoaded:1 Bounds:IsValid=true, Min=(X=-1653.906 Y=6018.631 Z=1690.407), Max=(X=-1553.906 Y=6118.631 Z=1790.407) RuntimeGrid:None EditorOnly:0 RuntimeOnly:0 HLODRelevant:0 ListedInSceneOutliner:1 IsMainWorldOnly:0 FolderPath:Collectables FolderGuid:2A099E784487E7AAEAD92E92F04C5D94
 |   |   |- Guid:A7ACF6CC486CDAE9B185338B32289042 BaseClass:/Game/DevelopmentLevels/Harvey/Plat.Plat_C NativeClass:/Script/Engine.Actor Name:Plat_C_UAID_3C7C3FF43385052502_1592632447 Label:Plat SpatiallyLoaded:1 Bounds:IsValid=true, Min=(X=-4159.455 Y=5207.753 Z=1591.595), Max=(X=-3604.434 Y=5734.658 Z=1687.775) RuntimeGrid:None EditorOnly:0 RuntimeOnly:0 HLODRelevant:0 ListedInSceneOutliner:1 IsMainWorldOnly:0 FolderPath:ParkourCourse FolderGuid:599E33E8434CBA6E6E2743B040DA9EF6
 |   |   |- Guid:B399A20E438EA2A623E03BB8A4247FF8 BaseClass: NativeClass:/Script/Engine.StaticMeshActor Name:StaticMeshActor_UAID_3C7C3FF43385A52402_1827209565 Label:SM_Cube14 SpatiallyLoaded:1 Bounds:IsValid=true, Min=(X=-7356.673 Y=4690.773 Z=1590.000), Max=(X=-6797.004 Y=5220.559 Z=1690.407) RuntimeGrid:None EditorOnly:0 RuntimeOnly:0 HLODRelevant:1 ListedInSceneOutliner:1 IsMainWorldOnly:0 FolderPath:ParkourCourse FolderGuid:599E33E8434CBA6E6E2743B040DA9EF6
 |   |   |- Guid:B8226DFC4338E525C4BEDEA898967E52 BaseClass:/Game/Collectibles/CurrencyCollectible.CurrencyCollectible_C NativeClass:/Script/Engine.Actor Name:CurrencyCollectible_C_UAID_3C7C3FF43385A82402_1737531079 Label:CurrencyCollectible SpatiallyLoaded:1 Bounds:IsValid=true, Min=(X=-3577.989 Y=6652.856 Z=1690.407), Max=(X=-3477.989 Y=6752.856 Z=1790.407) RuntimeGrid:None EditorOnly:0 RuntimeOnly:0 HLODRelevant:0 ListedInSceneOutliner:1 IsMainWorldOnly:0 FolderPath:Collectables FolderGuid:2A099E784487E7AAEAD92E92F04C5D94
 |   |   |- Guid:B83CF7184AB65F4A769085AFD104EEBA BaseClass: NativeClass:/Script/Engine.StaticMeshActor Name:StaticMeshActor_UAID_3C7C3FF43385A82402_1747090082 Label:SM_Cube15 SpatiallyLoaded:1 Bounds:IsValid=true, Min=(X=-2482.158 Y=7460.097 Z=1590.000), Max=(X=-1922.488 Y=7989.883 Z=1690.407) RuntimeGrid:None EditorOnly:0 RuntimeOnly:0 HLODRelevant:1 ListedInSceneOutliner:1 IsMainWorldOnly:0 FolderPath:ParkourCourse FolderGuid:599E33E8434CBA6E6E2743B040DA9EF6
 |   |   |- Guid:B8425B414F0CA4F5EA2508A7238E3CDF BaseClass: NativeClass:/Script/Engine.PostProcessVolume Name:PostProcessVolume_0 Label:PostProcessVolume SpatiallyLoaded:0 Bounds:IsValid=true, Min=(X=0.000 Y=0.000 Z=400.000), Max=(X=200.000 Y=200.000 Z=600.000) RuntimeGrid:None EditorOnly:0 RuntimeOnly:0 HLODRelevant:0 ListedInSceneOutliner:1 IsMainWorldOnly:0 FolderPath:Lighting FolderGuid:963EC3EB4002CCE9759E2EBA541A873A
 |   |   |- Guid:BD3C6CF640B9AD330565A2B38B1F1B81 BaseClass: NativeClass:/Script/Engine.PlayerStart Name:PlayerStart_0 Label:PlayerStart SpatiallyLoaded:0 Bounds:IsValid=true, Min=(X=3410.000 Y=9280.000 Z=170.013), Max=(X=3490.000 Y=9360.000 Z=354.013) RuntimeGrid:None EditorOnly:0 RuntimeOnly:0 HLODRelevant:0 ListedInSceneOutliner:1 IsMainWorldOnly:0
 |   |   |- Guid:BE4E57EB4460D36C29D3138BE7BD8693 BaseClass: NativeClass:/Script/Engine.StaticMeshActor Name:StaticMeshActor_UAID_3C7C3FF43385A52402_1747273556 Label:SM_Cube5 SpatiallyLoaded:1 Bounds:IsValid=true, Min=(X=-810.503 Y=7491.577 Z=1590.000), Max=(X=-250.833 Y=8021.363 Z=1690.407) RuntimeGrid:None EditorOnly:0 RuntimeOnly:0 HLODRelevant:1 ListedInSceneOutliner:1 IsMainWorldOnly:0 FolderPath:ParkourCourse FolderGuid:599E33E8434CBA6E6E2743B040DA9EF6
 |   |   |- Guid:C83E0B7F462EED7819DCBF9A83DE08C9 BaseClass: NativeClass:/Script/Engine.VolumetricCloud Name:VolumetricCloud_0 Label:VolumetricCloud SpatiallyLoaded:0 Bounds:IsValid=true, Min=(X=0.000 Y=0.000 Z=820.000), Max=(X=0.000 Y=0.000 Z=820.000) RuntimeGrid:None EditorOnly:0 RuntimeOnly:0 HLODRelevant:0 ListedInSceneOutliner:1 IsMainWorldOnly:0 FolderPath:Lighting FolderGuid:963EC3EB4002CCE9759E2EBA541A873A
 |   |   |- Guid:D112DD564D1CD61CD7514B982DF6E9BC BaseClass: NativeClass:/Script/Engine.StaticMeshActor Name:StaticMeshActor_UAID_3C7C3FF43385A52402_1734386554 Label:SM_Cube3 SpatiallyLoaded:1 Bounds:IsValid=true, Min=(X=933.303 Y=7295.554 Z=1590.000), Max=(X=1492.973 Y=7825.340 Z=1690.407) RuntimeGrid:None EditorOnly:0 RuntimeOnly:0 HLODRelevant:1 ListedInSceneOutliner:1 IsMainWorldOnly:0 FolderPath:ParkourCourse FolderGuid:599E33E8434CBA6E6E2743B040DA9EF6
 |   |   |- Guid:EFB4596E40DAD9AF1CD3A29439E4FB38 BaseClass: NativeClass:/Script/Engine.StaticMeshActor Name:StaticMeshActor_UAID_3C7C3FF43385A52402_1633245552 Label:SM_Cube SpatiallyLoaded:1 Bounds:IsValid=true, Min=(X=1533.220 Y=7913.696 Z=1590.000), Max=(X=2092.890 Y=8443.482 Z=1690.407) RuntimeGrid:None EditorOnly:0 RuntimeOnly:0 HLODRelevant:1 ListedInSceneOutliner:1 IsMainWorldOnly:0 FolderPath:ParkourCourse FolderGuid:599E33E8434CBA6E6E2743B040DA9EF6
 |   |   |- Guid:F7D8871E42B69C82A63C2BA1917EBC9F BaseClass: NativeClass:/Script/Engine.StaticMeshActor Name:StaticMeshActor_UAID_3C7C3FF43385A52402_1798737562 Label:SM_Cube11 SpatiallyLoaded:1 Bounds:IsValid=true, Min=(X=-5868.482 Y=5232.430 Z=1590.000), Max=(X=-5308.812 Y=5762.216 Z=1690.407) RuntimeGrid:None EditorOnly:0 RuntimeOnly:0 HLODRelevant:1 ListedInSceneOutliner:1 IsMainWorldOnly:0 FolderPath:ParkourCourse FolderGuid:599E33E8434CBA6E6E2743B040DA9EF6
 |   |   |- Guid:FB81094B41F04B5ED96E72AC104BF52A BaseClass: NativeClass:/Script/Engine.StaticMeshActor Name:StaticMeshActor_UAID_3C7C3FF43385A52402_1764173558 Label:SM_Cube7 SpatiallyLoaded:1 Bounds:IsValid=true, Min=(X=-1883.582 Y=5815.524 Z=1590.000), Max=(X=-1323.912 Y=6345.311 Z=1690.407) RuntimeGrid:None EditorOnly:0 RuntimeOnly:0 HLODRelevant:1 ListedInSceneOutliner:1 IsMainWorldOnly:0 FolderPath:ParkourCourse FolderGuid:599E33E8434CBA6E6E2743B040DA9EF6
 |   |   |- Guid:FC59FB174EC17C4D4CF378BAF09031E4 BaseClass:/Game/Mechanics/WallClimbing/BP_ClimbableWall.BP_ClimbableWall_C NativeClass:/Script/Engine.Actor Name:BP_ClimbableWall_C_UAID_3C7C3FF43385A52402_1836115566 Label:BP_ClimbableWall2 SpatiallyLoaded:1 Bounds:IsValid=true, Min=(X=-7449.714 Y=4653.021 Z=90.000), Max=(X=-7218.937 Y=5063.100 Z=1690.000) RuntimeGrid:None EditorOnly:0 RuntimeOnly:0 HLODRelevant:0 ListedInSceneOutliner:1 IsMainWorldOnly:0 FolderPath:ParkourCourse FolderGuid:599E33E8434CBA6E6E2743B040DA9EF6
 |   |- [+] Clusters:
 |   |   |- [+] [  0]
 |   |   |   |- Guid:07C017FC414689DC684B59934E3C9888 BaseClass: NativeClass:/Script/Engine.StaticMeshActor Name:StaticMeshActor_UAID_D8BBC13EB4DF052402_1436440399 Label:Cylinder3 SpatiallyLoaded:1 Bounds:IsValid=true, Min=(X=-14400.000 Y=-1000.000 Z=0.000), Max=(X=-4400.000 Y=9000.000 Z=100.000) RuntimeGrid:None EditorOnly:0 RuntimeOnly:0 HLODRelevant:1 ListedInSceneOutliner:1 IsMainWorldOnly:0
 |   |   |- [+] [  1]
 |   |   |   |- Guid:08D0EE504612750FC6F22BAB38BF38B7 BaseClass: NativeClass:/Script/Engine.StaticMeshActor Name:StaticMeshActor_UAID_D8BBC13EB4DF052402_1362339398 Label:Cylinder2 SpatiallyLoaded:1 Bounds:IsValid=true, Min=(X=-1000.000 Y=4000.000 Z=0.000), Max=(X=9000.000 Y=14000.000 Z=100.000) RuntimeGrid:None EditorOnly:0 RuntimeOnly:0 HLODRelevant:1 ListedInSceneOutliner:1 IsMainWorldOnly:0
 |   |   |- [+] [  2]
 |   |   |   |- Guid:0EBC9E9640C7CD7CBF2716A1E8DDBC85 BaseClass: NativeClass:/Script/Engine.StaticMeshActor Name:StaticMeshActor_UAID_3C7C3FF43385A52402_1816243564 Label:SM_Cube13 SpatiallyLoaded:1 Bounds:IsValid=true, Min=(X=-6924.210 Y=5829.108 Z=1590.000), Max=(X=-6364.540 Y=6358.894 Z=1690.407) RuntimeGrid:None EditorOnly:0 RuntimeOnly:0 HLODRelevant:1 ListedInSceneOutliner:1 IsMainWorldOnly:0 FolderPath:ParkourCourse FolderGuid:599E33E8434CBA6E6E2743B040DA9EF6
 |   |   |- [+] [  3]
 |   |   |   |- Guid:186396484792D8F433E117A3688A3E71 BaseClass: NativeClass:/Script/Engine.StaticMeshActor Name:StaticMeshActor_UAID_3C7C3FF43385A52402_1755512557 Label:SM_Cube6 SpatiallyLoaded:1 Bounds:IsValid=true, Min=(X=-1419.211 Y=6851.832 Z=1590.000), Max=(X=-859.541 Y=7381.618 Z=1690.407) RuntimeGrid:None EditorOnly:0 RuntimeOnly:0 HLODRelevant:1 ListedInSceneOutliner:1 IsMainWorldOnly:0 FolderPath:ParkourCourse FolderGuid:599E33E8434CBA6E6E2743B040DA9EF6
 |   |   |- [+] [  4]
 |   |   |   |- Guid:2340BC8D42CBE425191CC3B4A337BEA2 BaseClass: NativeClass:/Script/Engine.SkyAtmosphere Name:SkyAtmosphere_0 Label:SkyAtmosphere SpatiallyLoaded:0 Bounds:IsValid=true, Min=(X=0.000 Y=0.000 Z=1020.000), Max=(X=0.000 Y=0.000 Z=1020.000) RuntimeGrid:None EditorOnly:0 RuntimeOnly:0 HLODRelevant:0 ListedInSceneOutliner:1 IsMainWorldOnly:0 FolderPath:Lighting FolderGuid:963EC3EB4002CCE9759E2EBA541A873A
 |   |   |- [+] [  5]
 |   |   |   |- Guid:258DA6F24D9740586B579FBD71CF810A BaseClass: NativeClass:/Script/Engine.WorldDataLayers Name:WorldDataLayers Label:WorldDataLayers SpatiallyLoaded:0 Bounds:Invalid RuntimeGrid:None EditorOnly:0 RuntimeOnly:0 HLODRelevant:0 ListedInSceneOutliner:1 IsMainWorldOnly:1
 |   |   |- [+] [  6]
 |   |   |   |- Guid:2B4968D848CFC77A76004AA1BD78A283 BaseClass: NativeClass:/Script/Engine.ExponentialHeightFog Name:ExponentialHeightFog_0 Label:ExponentialHeightFog SpatiallyLoaded:0 Bounds:IsValid=true, Min=(X=-5600.000 Y=-50.000 Z=-6850.000), Max=(X=-5600.000 Y=-50.000 Z=-6850.000) RuntimeGrid:None EditorOnly:0 RuntimeOnly:0 HLODRelevant:0 ListedInSceneOutliner:1 IsMainWorldOnly:0 FolderPath:Lighting FolderGuid:963EC3EB4002CCE9759E2EBA541A873A
 |   |   |- [+] [  7]
 |   |   |   |- Guid:3BA12FDA482461EE0629F78735BFEB63 BaseClass: NativeClass:/Script/Engine.StaticMeshActor Name:StaticMeshActor_UAID_3C7C3FF43385A52402_1785322560 Label:SM_Cube9 SpatiallyLoaded:1 Bounds:IsValid=true, Min=(X=-3789.032 Y=6426.392 Z=1590.000), Max=(X=-3229.362 Y=6956.178 Z=1690.407) RuntimeGrid:None EditorOnly:0 RuntimeOnly:0 HLODRelevant:1 ListedInSceneOutliner:1 IsMainWorldOnly:0 FolderPath:ParkourCourse FolderGuid:599E33E8434CBA6E6E2743B040DA9EF6
 |   |   |- [+] [  8]
 |   |   |   |- Guid:4494B3474DBD4DE5DCA4C98045B1B7C3 BaseClass: NativeClass:/Script/Engine.StaticMeshActor Name:StaticMeshActor_UAID_D8BBC13EB4DF052402_1354144397 Label:Torus2 SpatiallyLoaded:1 Bounds:IsValid=true, Min=(X=1450.000 Y=6450.000 Z=50.000), Max=(X=6550.000 Y=11550.000 Z=150.000) RuntimeGrid:None EditorOnly:0 RuntimeOnly:0 HLODRelevant:1 ListedInSceneOutliner:1 IsMainWorldOnly:0
 |   |   |- [+] [  9]
 |   |   |   |- Guid:45D15D1B462D6529F82D548775AE96B6 BaseClass: NativeClass:/Script/Engine.StaticMeshActor Name:StaticMeshActor_UAID_3C7C3FF43385A52402_1740296555 Label:SM_Cube4 SpatiallyLoaded:1 Bounds:IsValid=true, Min=(X=67.015 Y=7392.774 Z=1590.000), Max=(X=626.684 Y=7922.560 Z=1690.407) RuntimeGrid:None EditorOnly:0 RuntimeOnly:0 HLODRelevant:1 ListedInSceneOutliner:1 IsMainWorldOnly:0 FolderPath:ParkourCourse FolderGuid:599E33E8434CBA6E6E2743B040DA9EF6
 |   |   |- [+] [ 10]
 |   |   |   |- Guid:511D8A3741E648AEFD3659BB932C42F8 BaseClass:/Game/Collectibles/CurrencyCollectible.CurrencyCollectible_C NativeClass:/Script/Engine.Actor Name:CurrencyCollectible_C_UAID_3C7C3FF43385A82402_1757595084 Label:CurrencyCollectible5 SpatiallyLoaded:1 Bounds:IsValid=true, Min=(X=-4748.701 Y=5341.140 Z=1690.407), Max=(X=-4648.701 Y=5441.140 Z=1790.407) RuntimeGrid:None EditorOnly:0 RuntimeOnly:0 HLODRelevant:0 ListedInSceneOutliner:1 IsMainWorldOnly:0 FolderPath:Collectables FolderGuid:2A099E784487E7AAEAD92E92F04C5D94
 |   |   |- [+] [ 11]
 |   |   |   |- Guid:5E657CC5469EFD3E073EFA851EFDA56E BaseClass: NativeClass:/Script/Engine.SkyLight Name:SkyLight_1 Label:SkyLight SpatiallyLoaded:0 Bounds:IsValid=true, Min=(X=0.000 Y=0.000 Z=690.000), Max=(X=0.000 Y=0.000 Z=690.000) RuntimeGrid:None EditorOnly:0 RuntimeOnly:0 HLODRelevant:0 ListedInSceneOutliner:1 IsMainWorldOnly:0 FolderPath:Lighting FolderGuid:963EC3EB4002CCE9759E2EBA541A873A
 |   |   |- [+] [ 12]
 |   |   |   |- Guid:61A413BF414C3119E4327AB190F3446B BaseClass:/Game/Mechanics/WallClimbing/BP_ClimbableWall.BP_ClimbableWall_C NativeClass:/Script/Engine.Actor Name:BP_ClimbableWall_C_UAID_3C7C3FF43385A52402_1522915551 Label:BP_ClimbableWall SpatiallyLoaded:1 Bounds:IsValid=true, Min=(X=1954.231 Y=8069.417 Z=90.000), Max=(X=2185.008 Y=8479.496 Z=1690.000) RuntimeGrid:None EditorOnly:0 RuntimeOnly:0 HLODRelevant:0 ListedInSceneOutliner:1 IsMainWorldOnly:0 FolderPath:ParkourCourse FolderGuid:599E33E8434CBA6E6E2743B040DA9EF6
 |   |   |- [+] [ 13]
 |   |   |   |- Guid:6A31C5D14B884CACA6B299BD285F52B7 BaseClass: NativeClass:/Script/Engine.StaticMeshActor Name:StaticMeshActor_UAID_3C7C3FF43385A52402_1799281563 Label:SM_Cube12 SpatiallyLoaded:1 Bounds:IsValid=true, Min=(X=-4987.665 Y=5132.807 Z=1590.000), Max=(X=-4427.995 Y=5662.593 Z=1690.407) RuntimeGrid:None EditorOnly:0 RuntimeOnly:0 HLODRelevant:1 ListedInSceneOutliner:1 IsMainWorldOnly:0 FolderPath:ParkourCourse FolderGuid:599E33E8434CBA6E6E2743B040DA9EF6
 |   |   |- [+] [ 14]
 |   |   |   |- Guid:84F9A2C04480547E2C7640B789DF6F63 BaseClass:/Game/Collectibles/CurrencyCollectible.CurrencyCollectible_C NativeClass:/Script/Engine.Actor Name:CurrencyCollectible_C_UAID_3C7C3FF43385A82402_1752626083 Label:CurrencyCollectible4 SpatiallyLoaded:1 Bounds:IsValid=true, Min=(X=-2276.180 Y=7679.341 Z=1690.407), Max=(X=-2176.180 Y=7779.341 Z=1790.407) RuntimeGrid:None EditorOnly:0 RuntimeOnly:0 HLODRelevant:0 ListedInSceneOutliner:1 IsMainWorldOnly:0 FolderPath:Collectables FolderGuid:2A099E784487E7AAEAD92E92F04C5D94
 |   |   |- [+] [ 15]
 |   |   |   |- Guid:88A586764B3DA9700A6B7BAF4DB8E9C1 BaseClass: NativeClass:/Script/Engine.DirectionalLight Name:DirectionalLight_0 Label:DirectionalLight SpatiallyLoaded:0 Bounds:IsValid=true, Min=(X=-4398046511104.000 Y=-4398046511104.000 Z=-4398046511104.000), Max=(X=4398046511104.000 Y=4398046511104.000 Z=4398046511104.000) RuntimeGrid:None EditorOnly:0 RuntimeOnly:0 HLODRelevant:0 ListedInSceneOutliner:1 IsMainWorldOnly:0 FolderPath:Lighting FolderGuid:963EC3EB4002CCE9759E2EBA541A873A
 |   |   |- [+] [ 16]
 |   |   |   |- Guid:8B3A0EF847C0C969A8FBF99605C15CFA BaseClass: NativeClass:/Script/Engine.StaticMeshActor Name:StaticMeshActor_UAID_3C7C3FF43385A52402_1771255559 Label:SM_Cube8 SpatiallyLoaded:1 Bounds:IsValid=true, Min=(X=-2904.833 Y=6317.477 Z=1590.000), Max=(X=-2345.163 Y=6847.263 Z=1690.407) RuntimeGrid:None EditorOnly:0 RuntimeOnly:0 HLODRelevant:1 ListedInSceneOutliner:1 IsMainWorldOnly:0 FolderPath:ParkourCourse FolderGuid:599E33E8434CBA6E6E2743B040DA9EF6
 |   |   |- [+] [ 17]
 |   |   |   |- Guid:91CB0A5F481FDDF0BC8479850B6168EE BaseClass:/Game/Collectibles/CurrencyCollectible.CurrencyCollectible_C NativeClass:/Script/Engine.Actor Name:CurrencyCollectible_C_UAID_3C7C3FF43385A82402_1741353081 Label:CurrencyCollectible3 SpatiallyLoaded:1 Bounds:IsValid=true, Min=(X=1126.725 Y=7518.290 Z=1690.407), Max=(X=1226.725 Y=7618.290 Z=1790.407) RuntimeGrid:None EditorOnly:0 RuntimeOnly:0 HLODRelevant:0 ListedInSceneOutliner:1 IsMainWorldOnly:0 FolderPath:Collectables FolderGuid:2A099E784487E7AAEAD92E92F04C5D94
 |   |   |- [+] [ 18]
 |   |   |   |- Guid:9A9F8D5C4AD8C8B008B747934D563864 BaseClass: NativeClass:/Script/Engine.StaticMeshActor Name:StaticMeshActor_UAID_D8BBC13EB4DF052402_1446605400 Label:Torus3 SpatiallyLoaded:1 Bounds:IsValid=true, Min=(X=-11950.000 Y=1450.000 Z=50.000), Max=(X=-6850.000 Y=6550.000 Z=150.000) RuntimeGrid:None EditorOnly:0 RuntimeOnly:0 HLODRelevant:1 ListedInSceneOutliner:1 IsMainWorldOnly:0
 |   |   |- [+] [ 19]
 |   |   |   |- Guid:9F9E7DDB4C112385A2698B8D4C951F72 BaseClass:/Game/Collectibles/CurrencyCollectible.CurrencyCollectible_C NativeClass:/Script/Engine.Actor Name:CurrencyCollectible_C_UAID_3C7C3FF43385A82402_1739439080 Label:CurrencyCollectible2 SpatiallyLoaded:1 Bounds:IsValid=true, Min=(X=-1653.906 Y=6018.631 Z=1690.407), Max=(X=-1553.906 Y=6118.631 Z=1790.407) RuntimeGrid:None EditorOnly:0 RuntimeOnly:0 HLODRelevant:0 ListedInSceneOutliner:1 IsMainWorldOnly:0 FolderPath:Collectables FolderGuid:2A099E784487E7AAEAD92E92F04C5D94
 |   |   |- [+] [ 20]
 |   |   |   |- Guid:A7ACF6CC486CDAE9B185338B32289042 BaseClass:/Game/DevelopmentLevels/Harvey/Plat.Plat_C NativeClass:/Script/Engine.Actor Name:Plat_C_UAID_3C7C3FF43385052502_1592632447 Label:Plat SpatiallyLoaded:1 Bounds:IsValid=true, Min=(X=-4159.455 Y=5207.753 Z=1591.595), Max=(X=-3604.434 Y=5734.658 Z=1687.775) RuntimeGrid:None EditorOnly:0 RuntimeOnly:0 HLODRelevant:0 ListedInSceneOutliner:1 IsMainWorldOnly:0 FolderPath:ParkourCourse FolderGuid:599E33E8434CBA6E6E2743B040DA9EF6
 |   |   |- [+] [ 21]
 |   |   |   |- Guid:B399A20E438EA2A623E03BB8A4247FF8 BaseClass: NativeClass:/Script/Engine.StaticMeshActor Name:StaticMeshActor_UAID_3C7C3FF43385A52402_1827209565 Label:SM_Cube14 SpatiallyLoaded:1 Bounds:IsValid=true, Min=(X=-7356.673 Y=4690.773 Z=1590.000), Max=(X=-6797.004 Y=5220.559 Z=1690.407) RuntimeGrid:None EditorOnly:0 RuntimeOnly:0 HLODRelevant:1 ListedInSceneOutliner:1 IsMainWorldOnly:0 FolderPath:ParkourCourse FolderGuid:599E33E8434CBA6E6E2743B040DA9EF6
 |   |   |- [+] [ 22]
 |   |   |   |- Guid:B8226DFC4338E525C4BEDEA898967E52 BaseClass:/Game/Collectibles/CurrencyCollectible.CurrencyCollectible_C NativeClass:/Script/Engine.Actor Name:CurrencyCollectible_C_UAID_3C7C3FF43385A82402_1737531079 Label:CurrencyCollectible SpatiallyLoaded:1 Bounds:IsValid=true, Min=(X=-3577.989 Y=6652.856 Z=1690.407), Max=(X=-3477.989 Y=6752.856 Z=1790.407) RuntimeGrid:None EditorOnly:0 RuntimeOnly:0 HLODRelevant:0 ListedInSceneOutliner:1 IsMainWorldOnly:0 FolderPath:Collectables FolderGuid:2A099E784487E7AAEAD92E92F04C5D94
 |   |   |- [+] [ 23]
 |   |   |   |- Guid:B83CF7184AB65F4A769085AFD104EEBA BaseClass: NativeClass:/Script/Engine.StaticMeshActor Name:StaticMeshActor_UAID_3C7C3FF43385A82402_1747090082 Label:SM_Cube15 SpatiallyLoaded:1 Bounds:IsValid=true, Min=(X=-2482.158 Y=7460.097 Z=1590.000), Max=(X=-1922.488 Y=7989.883 Z=1690.407) RuntimeGrid:None EditorOnly:0 RuntimeOnly:0 HLODRelevant:1 ListedInSceneOutliner:1 IsMainWorldOnly:0 FolderPath:ParkourCourse FolderGuid:599E33E8434CBA6E6E2743B040DA9EF6
 |   |   |- [+] [ 24]
 |   |   |   |- Guid:B8425B414F0CA4F5EA2508A7238E3CDF BaseClass: NativeClass:/Script/Engine.PostProcessVolume Name:PostProcessVolume_0 Label:PostProcessVolume SpatiallyLoaded:0 Bounds:IsValid=true, Min=(X=0.000 Y=0.000 Z=400.000), Max=(X=200.000 Y=200.000 Z=600.000) RuntimeGrid:None EditorOnly:0 RuntimeOnly:0 HLODRelevant:0 ListedInSceneOutliner:1 IsMainWorldOnly:0 FolderPath:Lighting FolderGuid:963EC3EB4002CCE9759E2EBA541A873A
 |   |   |- [+] [ 25]
 |   |   |   |- Guid:BD3C6CF640B9AD330565A2B38B1F1B81 BaseClass: NativeClass:/Script/Engine.PlayerStart Name:PlayerStart_0 Label:PlayerStart SpatiallyLoaded:0 Bounds:IsValid=true, Min=(X=3410.000 Y=9280.000 Z=170.013), Max=(X=3490.000 Y=9360.000 Z=354.013) RuntimeGrid:None EditorOnly:0 RuntimeOnly:0 HLODRelevant:0 ListedInSceneOutliner:1 IsMainWorldOnly:0
 |   |   |- [+] [ 26]
 |   |   |   |- Guid:BE4E57EB4460D36C29D3138BE7BD8693 BaseClass: NativeClass:/Script/Engine.StaticMeshActor Name:StaticMeshActor_UAID_3C7C3FF43385A52402_1747273556 Label:SM_Cube5 SpatiallyLoaded:1 Bounds:IsValid=true, Min=(X=-810.503 Y=7491.577 Z=1590.000), Max=(X=-250.833 Y=8021.363 Z=1690.407) RuntimeGrid:None EditorOnly:0 RuntimeOnly:0 HLODRelevant:1 ListedInSceneOutliner:1 IsMainWorldOnly:0 FolderPath:ParkourCourse FolderGuid:599E33E8434CBA6E6E2743B040DA9EF6
 |   |   |- [+] [ 27]
 |   |   |   |- Guid:C83E0B7F462EED7819DCBF9A83DE08C9 BaseClass: NativeClass:/Script/Engine.VolumetricCloud Name:VolumetricCloud_0 Label:VolumetricCloud SpatiallyLoaded:0 Bounds:IsValid=true, Min=(X=0.000 Y=0.000 Z=820.000), Max=(X=0.000 Y=0.000 Z=820.000) RuntimeGrid:None EditorOnly:0 RuntimeOnly:0 HLODRelevant:0 ListedInSceneOutliner:1 IsMainWorldOnly:0 FolderPath:Lighting FolderGuid:963EC3EB4002CCE9759E2EBA541A873A
 |   |   |- [+] [ 28]
 |   |   |   |- Guid:D112DD564D1CD61CD7514B982DF6E9BC BaseClass: NativeClass:/Script/Engine.StaticMeshActor Name:StaticMeshActor_UAID_3C7C3FF43385A52402_1734386554 Label:SM_Cube3 SpatiallyLoaded:1 Bounds:IsValid=true, Min=(X=933.303 Y=7295.554 Z=1590.000), Max=(X=1492.973 Y=7825.340 Z=1690.407) RuntimeGrid:None EditorOnly:0 RuntimeOnly:0 HLODRelevant:1 ListedInSceneOutliner:1 IsMainWorldOnly:0 FolderPath:ParkourCourse FolderGuid:599E33E8434CBA6E6E2743B040DA9EF6
 |   |   |- [+] [ 29]
 |   |   |   |- Guid:EFB4596E40DAD9AF1CD3A29439E4FB38 BaseClass: NativeClass:/Script/Engine.StaticMeshActor Name:StaticMeshActor_UAID_3C7C3FF43385A52402_1633245552 Label:SM_Cube SpatiallyLoaded:1 Bounds:IsValid=true, Min=(X=1533.220 Y=7913.696 Z=1590.000), Max=(X=2092.890 Y=8443.482 Z=1690.407) RuntimeGrid:None EditorOnly:0 RuntimeOnly:0 HLODRelevant:1 ListedInSceneOutliner:1 IsMainWorldOnly:0 FolderPath:ParkourCourse FolderGuid:599E33E8434CBA6E6E2743B040DA9EF6
 |   |   |- [+] [ 30]
 |   |   |   |- Guid:F7D8871E42B69C82A63C2BA1917EBC9F BaseClass: NativeClass:/Script/Engine.StaticMeshActor Name:StaticMeshActor_UAID_3C7C3FF43385A52402_1798737562 Label:SM_Cube11 SpatiallyLoaded:1 Bounds:IsValid=true, Min=(X=-5868.482 Y=5232.430 Z=1590.000), Max=(X=-5308.812 Y=5762.216 Z=1690.407) RuntimeGrid:None EditorOnly:0 RuntimeOnly:0 HLODRelevant:1 ListedInSceneOutliner:1 IsMainWorldOnly:0 FolderPath:ParkourCourse FolderGuid:599E33E8434CBA6E6E2743B040DA9EF6
 |   |   |- [+] [ 31]
 |   |   |   |- Guid:FB81094B41F04B5ED96E72AC104BF52A BaseClass: NativeClass:/Script/Engine.StaticMeshActor Name:StaticMeshActor_UAID_3C7C3FF43385A52402_1764173558 Label:SM_Cube7 SpatiallyLoaded:1 Bounds:IsValid=true, Min=(X=-1883.582 Y=5815.524 Z=1590.000), Max=(X=-1323.912 Y=6345.311 Z=1690.407) RuntimeGrid:None EditorOnly:0 RuntimeOnly:0 HLODRelevant:1 ListedInSceneOutliner:1 IsMainWorldOnly:0 FolderPath:ParkourCourse FolderGuid:599E33E8434CBA6E6E2743B040DA9EF6
 |   |   |- [+] [ 32]
 |   |   |   |- Guid:FC59FB174EC17C4D4CF378BAF09031E4 BaseClass:/Game/Mechanics/WallClimbing/BP_ClimbableWall.BP_ClimbableWall_C NativeClass:/Script/Engine.Actor Name:BP_ClimbableWall_C_UAID_3C7C3FF43385A52402_1836115566 Label:BP_ClimbableWall2 SpatiallyLoaded:1 Bounds:IsValid=true, Min=(X=-7449.714 Y=4653.021 Z=90.000), Max=(X=-7218.937 Y=5063.100 Z=1690.000) RuntimeGrid:None EditorOnly:0 RuntimeOnly:0 HLODRelevant:0 ListedInSceneOutliner:1 IsMainWorldOnly:0 FolderPath:ParkourCourse FolderGuid:599E33E8434CBA6E6E2743B040DA9EF6
 |- ContainerInstances:
 |- [+] MainContainer:
 |   |-        ID: 00000000000000000000000000000000
 |   |-  ParentID: 00000000000000000000000000000000
 |   |-    Bounds: IsValid=false, Min=(X=0.000 Y=0.000 Z=0.000), Max=(X=0.000 Y=0.000 Z=0.000)
 |   |- Transform: 0.000000,0.000000,0.000000|0.000000,0.000000,-0.000000|1.000000,1.000000,1.000000
 |   |- Container: /Game/DevelopmentLevels/JamesDevLevel
----------------------------------------------------------------------------------------------------------------
JamesDevLevel - Persistent Level
----------------------------------------------------------------------------------------------------------------
[+] Content of JamesDevLevel Persistent Level
 |- Always loaded Actor Count: 40 
 |- Actor Path: /Game/DevelopmentLevels/JamesDevLevel.JamesDevLevel:PersistentLevel.AbstractNavData-Default
 |- Actor Package: /Game/DevelopmentLevels/JamesDevLevel
 |- Actor Path: /Game/DevelopmentLevels/JamesDevLevel.JamesDevLevel:PersistentLevel.BP_ClimbableWall_C_UAID_3C7C3FF43385A52402_1522915551
 |- Actor Package: /Game/__ExternalActors__/DevelopmentLevels/JamesDevLevel/4/AG/C48O6NGYQTCX4J431MECYY
 |- Actor Path: /Game/DevelopmentLevels/JamesDevLevel.JamesDevLevel:PersistentLevel.BP_ClimbableWall_C_UAID_3C7C3FF43385A52402_1836115566
 |- Actor Package: /Game/__ExternalActors__/DevelopmentLevels/JamesDevLevel/2/6S/BDSQ9GLX7JB2WRKNV3XQHA
 |- Actor Path: /Game/DevelopmentLevels/JamesDevLevel.JamesDevLevel:PersistentLevel.Brush_0
 |- Actor Package: /Game/DevelopmentLevels/JamesDevLevel
 |- Actor Path: /Game/DevelopmentLevels/JamesDevLevel.JamesDevLevel:PersistentLevel.CurrencyCollectible_C_UAID_3C7C3FF43385A82402_1737531079
 |- Actor Package: /Game/__ExternalActors__/DevelopmentLevels/JamesDevLevel/A/BQ/Z0K2Q783HD6MBTLRAX4WMF
 |- Actor Path: /Game/DevelopmentLevels/JamesDevLevel.JamesDevLevel:PersistentLevel.CurrencyCollectible_C_UAID_3C7C3FF43385A82402_1739439080
 |- Actor Package: /Game/__ExternalActors__/DevelopmentLevels/JamesDevLevel/6/4S/JH6VNS7LLPT89W1K6GGX33
 |- Actor Path: /Game/DevelopmentLevels/JamesDevLevel.JamesDevLevel:PersistentLevel.CurrencyCollectible_C_UAID_3C7C3FF43385A82402_1741353081
 |- Actor Package: /Game/__ExternalActors__/DevelopmentLevels/JamesDevLevel/A/IK/CRE0QEPIP9PTROQ2U8I8TX
 |- Actor Path: /Game/DevelopmentLevels/JamesDevLevel.JamesDevLevel:PersistentLevel.CurrencyCollectible_C_UAID_3C7C3FF43385A82402_1752626083
 |- Actor Package: /Game/__ExternalActors__/DevelopmentLevels/JamesDevLevel/F/4V/QE07DMWP52AS8OYYQ5NLB0
 |- Actor Path: /Game/DevelopmentLevels/JamesDevLevel.JamesDevLevel:PersistentLevel.CurrencyCollectible_C_UAID_3C7C3FF43385A82402_1757595084
 |- Actor Package: /Game/__ExternalActors__/DevelopmentLevels/JamesDevLevel/F/3I/C8TB1QF2PCDDNH2DIZ6MRE
 |- Actor Path: /Game/DevelopmentLevels/JamesDevLevel.JamesDevLevel:PersistentLevel.DefaultPhysicsVolume_0
 |- Actor Package: /Game/DevelopmentLevels/JamesDevLevel
 |- Actor Path: /Game/DevelopmentLevels/JamesDevLevel.JamesDevLevel:PersistentLevel.DirectionalLight_0
 |- Actor Package: /Game/__ExternalActors__/DevelopmentLevels/JamesDevLevel/5/F0/9HF4F9TDRW06SEEFU3Q8ZQ
 |- Actor Path: /Game/DevelopmentLevels/JamesDevLevel.JamesDevLevel:PersistentLevel.ExponentialHeightFog_0
 |- Actor Package: /Game/__ExternalActors__/DevelopmentLevels/JamesDevLevel/5/0S/35UKOZFF10RKYDLZLUEWEH
 |- Actor Path: /Game/DevelopmentLevels/JamesDevLevel.JamesDevLevel:PersistentLevel.GameplayDebuggerPlayerManager_0
 |- Actor Package: /Game/DevelopmentLevels/JamesDevLevel
 |- Actor Path: /Game/DevelopmentLevels/JamesDevLevel.JamesDevLevel:PersistentLevel.JamesDevLevel_C_1
 |- Actor Package: /Game/DevelopmentLevels/JamesDevLevel
 |- Actor Path: /Game/DevelopmentLevels/JamesDevLevel.JamesDevLevel:PersistentLevel.Plat_C_UAID_3C7C3FF43385052502_1592632447
 |- Actor Package: /Game/__ExternalActors__/DevelopmentLevels/JamesDevLevel/5/30/5COFMJXJXHLNU1FG3I3C9Y
 |- Actor Path: /Game/DevelopmentLevels/JamesDevLevel.JamesDevLevel:PersistentLevel.PlayerStart_0
 |- Actor Package: /Game/__ExternalActors__/DevelopmentLevels/JamesDevLevel/4/ZX/70GVJ09DC9LOW3R2ZQAPGL
 |- Actor Path: /Game/DevelopmentLevels/JamesDevLevel.JamesDevLevel:PersistentLevel.PostProcessVolume_0
 |- Actor Package: /Game/__ExternalActors__/DevelopmentLevels/JamesDevLevel/C/HX/FTWT03RU72KBFICI2G4OI2
 |- Actor Path: /Game/DevelopmentLevels/JamesDevLevel.JamesDevLevel:PersistentLevel.SkyAtmosphere_0
 |- Actor Package: /Game/__ExternalActors__/DevelopmentLevels/JamesDevLevel/8/JL/ACPC2G835POUFJOAUZGL1J
 |- Actor Path: /Game/DevelopmentLevels/JamesDevLevel.JamesDevLevel:PersistentLevel.SkyLight_1
 |- Actor Package: /Game/__ExternalActors__/DevelopmentLevels/JamesDevLevel/9/HF/CRKKS3NEMA8EK3T32UXWKU
 |- Actor Path: /Game/DevelopmentLevels/JamesDevLevel.JamesDevLevel:PersistentLevel.StaticMeshActor_UAID_3C7C3FF43385A52402_1633245552
 |- Actor Package: /Game/__ExternalActors__/DevelopmentLevels/JamesDevLevel/7/4A/HYU6OHWXLN853UVXUVGSQA
 |- Actor Path: /Game/DevelopmentLevels/JamesDevLevel.JamesDevLevel:PersistentLevel.StaticMeshActor_UAID_3C7C3FF43385A52402_1734386554
 |- Actor Package: /Game/__ExternalActors__/DevelopmentLevels/JamesDevLevel/B/VC/0HQ4946V89D0JXHYVWMSBX
 |- Actor Path: /Game/DevelopmentLevels/JamesDevLevel.JamesDevLevel:PersistentLevel.StaticMeshActor_UAID_3C7C3FF43385A52402_1740296555
 |- Actor Package: /Game/__ExternalActors__/DevelopmentLevels/JamesDevLevel/A/GH/OETESOOWEQGN7PSHP23PXZ
 |- Actor Path: /Game/DevelopmentLevels/JamesDevLevel.JamesDevLevel:PersistentLevel.StaticMeshActor_UAID_3C7C3FF43385A52402_1747273556
 |- Actor Package: /Game/__ExternalActors__/DevelopmentLevels/JamesDevLevel/D/GH/ASOKQD5VYKXRF5IA4R0R7E
 |- Actor Path: /Game/DevelopmentLevels/JamesDevLevel.JamesDevLevel:PersistentLevel.StaticMeshActor_UAID_3C7C3FF43385A52402_1755512557
 |- Actor Package: /Game/__ExternalActors__/DevelopmentLevels/JamesDevLevel/E/LY/1GO9086G8QDL4CXNW3PM8B
 |- Actor Path: /Game/DevelopmentLevels/JamesDevLevel.JamesDevLevel:PersistentLevel.StaticMeshActor_UAID_3C7C3FF43385A52402_1764173558
 |- Actor Package: /Game/__ExternalActors__/DevelopmentLevels/JamesDevLevel/3/XQ/7JDBMFWJFBH1LUDI3LCEI2
 |- Actor Path: /Game/DevelopmentLevels/JamesDevLevel.JamesDevLevel:PersistentLevel.StaticMeshActor_UAID_3C7C3FF43385A52402_1771255559
 |- Actor Package: /Game/__ExternalActors__/DevelopmentLevels/JamesDevLevel/B/7D/HMWWV4GZSMTLWZTE5XA9EH
 |- Actor Path: /Game/DevelopmentLevels/JamesDevLevel.JamesDevLevel:PersistentLevel.StaticMeshActor_UAID_3C7C3FF43385A52402_1785322560
 |- Actor Package: /Game/__ExternalActors__/DevelopmentLevels/JamesDevLevel/3/DO/G09X3MP73MGSPWOUV8PTYN
 |- Actor Path: /Game/DevelopmentLevels/JamesDevLevel.JamesDevLevel:PersistentLevel.StaticMeshActor_UAID_3C7C3FF43385A52402_1798737562
 |- Actor Package: /Game/__ExternalActors__/DevelopmentLevels/JamesDevLevel/A/9Y/0WBL4OEM0AEFTNEYXJLWHL
 |- Actor Path: /Game/DevelopmentLevels/JamesDevLevel.JamesDevLevel:PersistentLevel.StaticMeshActor_UAID_3C7C3FF43385A52402_1799281563
 |- Actor Package: /Game/__ExternalActors__/DevelopmentLevels/JamesDevLevel/A/V9/V0KSYEGTOUFAKFASHSJH90
 |- Actor Path: /Game/DevelopmentLevels/JamesDevLevel.JamesDevLevel:PersistentLevel.StaticMeshActor_UAID_3C7C3FF43385A52402_1816243564
 |- Actor Package: /Game/__ExternalActors__/DevelopmentLevels/JamesDevLevel/6/7O/THMMW5ZCYM5JYBABSK6U30
 |- Actor Path: /Game/DevelopmentLevels/JamesDevLevel.JamesDevLevel:PersistentLevel.StaticMeshActor_UAID_3C7C3FF43385A52402_1827209565
 |- Actor Package: /Game/__ExternalActors__/DevelopmentLevels/JamesDevLevel/4/GO/JNSAFK1HHE7B1YFXWZDYQL
 |- Actor Path: /Game/DevelopmentLevels/JamesDevLevel.JamesDevLevel:PersistentLevel.StaticMeshActor_UAID_3C7C3FF43385A82402_1747090082
 |- Actor Package: /Game/__ExternalActors__/DevelopmentLevels/JamesDevLevel/6/1C/JWEQ0CPKAY9CT8ANEI9FUY
 |- Actor Path: /Game/DevelopmentLevels/JamesDevLevel.JamesDevLevel:PersistentLevel.StaticMeshActor_UAID_D8BBC13EB4DF052402_1354144397
 |- Actor Package: /Game/__ExternalActors__/DevelopmentLevels/JamesDevLevel/3/5Y/K6IXR9V37YKZP0L2W0YIQF
 |- Actor Path: /Game/DevelopmentLevels/JamesDevLevel.JamesDevLevel:PersistentLevel.StaticMeshActor_UAID_D8BBC13EB4DF052402_1362339398
 |- Actor Package: /Game/__ExternalActors__/DevelopmentLevels/JamesDevLevel/9/JQ/WQQSSVY2KYQT3OUM4OEH1H
 |- Actor Path: /Game/DevelopmentLevels/JamesDevLevel.JamesDevLevel:PersistentLevel.StaticMeshActor_UAID_D8BBC13EB4DF052402_1436440399
 |- Actor Package: /Game/__ExternalActors__/DevelopmentLevels/JamesDevLevel/E/4R/JQDG2RYAR3G2J3SRBWH5JM
 |- Actor Path: /Game/DevelopmentLevels/JamesDevLevel.JamesDevLevel:PersistentLevel.StaticMeshActor_UAID_D8BBC13EB4DF052402_1446605400
 |- Actor Package: /Game/__ExternalActors__/DevelopmentLevels/JamesDevLevel/C/JS/BJY53P1Q3208G2OHPAQVPP
 |- Actor Path: /Game/DevelopmentLevels/JamesDevLevel.JamesDevLevel:PersistentLevel.VolumetricCloud_0
 |- Actor Package: /Game/__ExternalActors__/DevelopmentLevels/JamesDevLevel/7/43/NQDMSQA3Y42OID2YP9P55C
 |- Actor Path: /Game/DevelopmentLevels/JamesDevLevel.JamesDevLevel:PersistentLevel.WorldDataLayers
 |- Actor Package: /Game/__ExternalActors__/DevelopmentLevels/JamesDevLevel/A/23/GYUIZ1FHX3R3CWILT5G5ZX
 |- Actor Path: /Game/DevelopmentLevels/JamesDevLevel.JamesDevLevel:PersistentLevel.WorldInfo_0
 |- Actor Package: /Game/DevelopmentLevels/JamesDevLevel
 |- Actor Path: /Game/DevelopmentLevels/JamesDevLevel.JamesDevLevel:PersistentLevel.WorldPartitionMiniMap_0
 |- Actor Package: /Game/__ExternalActors__/DevelopmentLevels/JamesDevLevel/7/EJ/JBGGZRA64WDOGDCGXO93NA

----------------------------------------------------------------------------------------------------------------
JamesDevLevel - Runtime Spatial Hash - Streaming Grid - MainGrid
----------------------------------------------------------------------------------------------------------------
            Origin: X=0.000 Y=0.000 Z=0.000
         Cell Size: 12800
      World Bounds: IsValid=false, Min=(X=0.000 Y=0.000 Z=0.000), Max=(X=0.000 Y=0.000 Z=0.000)
     Loading Range: 25600.00
Block Slow Loading: No
 ClientOnlyVisible: No
            Origin: X=0.000 Y=0.000 Z=0.000

[+] Grid Levels: 1
 |- Level  0: Cell Count    0 | Cell Size   12800 | Actor Count    0 (0.0%)

[+] Content of Grid Level 0

